The system is: Linux - 3.10.0-1160.66.1.el7.x86_64 - x86_64
Compiling the C compiler identification source file "CMakeCCompilerId.c" succeeded.
Compiler: /cvmfs/sft.cern.ch/lcg/releases/gcc/9.2.0-afc57/x86_64-centos7/bin/gcc 
Build flags: 
Id flags:  

The output was:
0


Compilation of the C compiler identification source "CMakeCCompilerId.c" produced "a.out"

The C compiler identification is GNU, found in "/afs/cern.ch/user/g/gwong/private/musrsim-master-0e4d7124d4eb880017758f3553b5644a299e9cea/build/CMakeFiles/3.14.3/CompilerIdC/a.out"

Compiling the CXX compiler identification source file "CMakeCXXCompilerId.cpp" succeeded.
Compiler: /cvmfs/sft.cern.ch/lcg/releases/gcc/9.2.0-afc57/x86_64-centos7/bin/g++ 
Build flags: 
Id flags:  

The output was:
0


Compilation of the CXX compiler identification source "CMakeCXXCompilerId.cpp" produced "a.out"

The CXX compiler identification is GNU, found in "/afs/cern.ch/user/g/gwong/private/musrsim-master-0e4d7124d4eb880017758f3553b5644a299e9cea/build/CMakeFiles/3.14.3/CompilerIdCXX/a.out"

Determining if the C compiler works passed with the following output:
Change Dir: /afs/cern.ch/user/g/gwong/private/musrsim-master-0e4d7124d4eb880017758f3553b5644a299e9cea/build/CMakeFiles/CMakeTmp

Run Build Command(s):/usr/bin/gmake cmTC_acf4f/fast 
/usr/bin/gmake -f CMakeFiles/cmTC_acf4f.dir/build.make CMakeFiles/cmTC_acf4f.dir/build
gmake[1]: Entering directory `/afs/cern.ch/user/g/gwong/private/musrsim-master-0e4d7124d4eb880017758f3553b5644a299e9cea/build/CMakeFiles/CMakeTmp'
Building C object CMakeFiles/cmTC_acf4f.dir/testCCompiler.c.o
/cvmfs/sft.cern.ch/lcg/releases/gcc/9.2.0-afc57/x86_64-centos7/bin/gcc    -o CMakeFiles/cmTC_acf4f.dir/testCCompiler.c.o   -c /afs/cern.ch/user/g/gwong/private/musrsim-master-0e4d7124d4eb880017758f3553b5644a299e9cea/build/CMakeFiles/CMakeTmp/testCCompiler.c
Linking C executable cmTC_acf4f
/cvmfs/sft.cern.ch/lcg/releases/CMake/3.14.3-34449/x86_64-centos7-gcc9-opt/bin/cmake -E cmake_link_script CMakeFiles/cmTC_acf4f.dir/link.txt --verbose=1
/cvmfs/sft.cern.ch/lcg/releases/gcc/9.2.0-afc57/x86_64-centos7/bin/gcc      -rdynamic CMakeFiles/cmTC_acf4f.dir/testCCompiler.c.o  -o cmTC_acf4f 
gmake[1]: Leaving directory `/afs/cern.ch/user/g/gwong/private/musrsim-master-0e4d7124d4eb880017758f3553b5644a299e9cea/build/CMakeFiles/CMakeTmp'


Detecting C compiler ABI info compiled with the following output:
Change Dir: /afs/cern.ch/user/g/gwong/private/musrsim-master-0e4d7124d4eb880017758f3553b5644a299e9cea/build/CMakeFiles/CMakeTmp

Run Build Command(s):/usr/bin/gmake cmTC_734a0/fast 
/usr/bin/gmake -f CMakeFiles/cmTC_734a0.dir/build.make CMakeFiles/cmTC_734a0.dir/build
gmake[1]: Entering directory `/afs/cern.ch/user/g/gwong/private/musrsim-master-0e4d7124d4eb880017758f3553b5644a299e9cea/build/CMakeFiles/CMakeTmp'
Building C object CMakeFiles/cmTC_734a0.dir/CMakeCCompilerABI.c.o
/cvmfs/sft.cern.ch/lcg/releases/gcc/9.2.0-afc57/x86_64-centos7/bin/gcc   -v -o CMakeFiles/cmTC_734a0.dir/CMakeCCompilerABI.c.o   -c /cvmfs/sft.cern.ch/lcg/releases/CMake/3.14.3-34449/x86_64-centos7-gcc9-opt/share/cmake-3.14/Modules/CMakeCCompilerABI.c
Using built-in specs.
COLLECT_GCC=/cvmfs/sft.cern.ch/lcg/releases/gcc/9.2.0-afc57/x86_64-centos7/bin/gcc
Target: x86_64-pc-linux-gnu
Configured with: /build/gcc/build/contrib/gcc-9.2.0/src/gcc/9.2.0/configure --prefix=/build/gcc/lcgcmake-install/gcc/9.2.0/x86_64-centos7 -with-system-zlib --disable-multilib --enable-languages=all --with-gnu-ld --with-gnu-as
Thread model: posix
gcc version 9.2.0 (GCC) 
COLLECT_GCC_OPTIONS='-v' '-o' 'CMakeFiles/cmTC_734a0.dir/CMakeCCompilerABI.c.o' '-c' '-mtune=generic' '-march=x86-64'
 /cvmfs/sft.cern.ch/lcg/releases/gcc/9.2.0-afc57/x86_64-centos7/bin/../libexec/gcc/x86_64-pc-linux-gnu/9.2.0/cc1 -quiet -v -iprefix /cvmfs/sft.cern.ch/lcg/releases/gcc/9.2.0-afc57/x86_64-centos7/bin/../lib/gcc/x86_64-pc-linux-gnu/9.2.0/ -isystem /cvmfs/sft.cern.ch/lcg/releases/gcc/9.2.0-afc57/x86_64-centos7/include /cvmfs/sft.cern.ch/lcg/releases/CMake/3.14.3-34449/x86_64-centos7-gcc9-opt/share/cmake-3.14/Modules/CMakeCCompilerABI.c -quiet -dumpbase CMakeCCompilerABI.c -mtune=generic -march=x86-64 -auxbase-strip CMakeFiles/cmTC_734a0.dir/CMakeCCompilerABI.c.o -version -o /tmp/gwong/cc9ohc9v.s
GNU C17 (GCC) version 9.2.0 (x86_64-pc-linux-gnu)
	compiled by GNU C version 9.2.0, GMP version 6.1.0, MPFR version 3.1.4, MPC version 1.0.3, isl version isl-0.18-GMP

GGC heuristics: --param ggc-min-expand=100 --param ggc-min-heapsize=131072
ignoring nonexistent directory "/cvmfs/sft.cern.ch/lcg/releases/gcc/9.2.0-afc57/x86_64-centos7/bin/../lib/gcc/x86_64-pc-linux-gnu/9.2.0/../../../../x86_64-pc-linux-gnu/include"
ignoring duplicate directory "/cvmfs/sft.cern.ch/lcg/releases/gcc/9.2.0-afc57/x86_64-centos7/bin/../lib/gcc/../../lib/gcc/x86_64-pc-linux-gnu/9.2.0/include"
ignoring duplicate directory "/cvmfs/sft.cern.ch/lcg/releases/gcc/9.2.0-afc57/x86_64-centos7/bin/../lib/gcc/../../include"
ignoring duplicate directory "/cvmfs/sft.cern.ch/lcg/releases/gcc/9.2.0-afc57/x86_64-centos7/bin/../lib/gcc/../../lib/gcc/x86_64-pc-linux-gnu/9.2.0/include-fixed"
ignoring nonexistent directory "/cvmfs/sft.cern.ch/lcg/releases/gcc/9.2.0-afc57/x86_64-centos7/bin/../lib/gcc/../../lib/gcc/x86_64-pc-linux-gnu/9.2.0/../../../../x86_64-pc-linux-gnu/include"
#include "..." search starts here:
#include <...> search starts here:
 /cvmfs/sft.cern.ch/lcg/releases/gcc/9.2.0-afc57/x86_64-centos7/include
 /cvmfs/sft.cern.ch/lcg/views/LCG_97rc4python3/x86_64-centos7-gcc9-opt/include
 /cvmfs/sft.cern.ch/lcg/releases/gcc/9.2.0-afc57/x86_64-centos7/bin/../lib/gcc/x86_64-pc-linux-gnu/9.2.0/include
 /cvmfs/sft.cern.ch/lcg/releases/gcc/9.2.0-afc57/x86_64-centos7/bin/../lib/gcc/x86_64-pc-linux-gnu/9.2.0/include-fixed
 /usr/local/include
 /usr/include
End of search list.
GNU C17 (GCC) version 9.2.0 (x86_64-pc-linux-gnu)
	compiled by GNU C version 9.2.0, GMP version 6.1.0, MPFR version 3.1.4, MPC version 1.0.3, isl version isl-0.18-GMP

GGC heuristics: --param ggc-min-expand=100 --param ggc-min-heapsize=131072
Compiler executable checksum: 4e8abca7dc7970f8893ed3643817ff14
COLLECT_GCC_OPTIONS='-v' '-o' 'CMakeFiles/cmTC_734a0.dir/CMakeCCompilerABI.c.o' '-c' '-mtune=generic' '-march=x86-64'
 as -v --64 -o CMakeFiles/cmTC_734a0.dir/CMakeCCompilerABI.c.o /tmp/gwong/cc9ohc9v.s
GNU assembler version 2.30 (x86_64-pc-linux-gnu) using BFD version (GNU Binutils) 2.30
COMPILER_PATH=/cvmfs/sft.cern.ch/lcg/releases/gcc/9.2.0-afc57/x86_64-centos7/bin/../libexec/gcc/x86_64-pc-linux-gnu/9.2.0/:/cvmfs/sft.cern.ch/lcg/releases/gcc/9.2.0-afc57/x86_64-centos7/bin/../libexec/gcc/:/cvmfs/sft.cern.ch/lcg/releases/gcc/9.2.0-afc57/x86_64-centos7/
LIBRARY_PATH=/cvmfs/sft.cern.ch/lcg/releases/gcc/9.2.0-afc57/x86_64-centos7/bin/../lib/gcc/x86_64-pc-linux-gnu/9.2.0/:/cvmfs/sft.cern.ch/lcg/releases/gcc/9.2.0-afc57/x86_64-centos7/bin/../lib/gcc/:/cvmfs/sft.cern.ch/lcg/releases/gcc/9.2.0-afc57/x86_64-centos7/bin/../lib/gcc/x86_64-pc-linux-gnu/9.2.0/../../../../lib64/:/lib/../lib64/:/usr/lib/../lib64/:/cvmfs/sft.cern.ch/lcg/releases/gcc/9.2.0-afc57/x86_64-centos7/bin/../lib/gcc/x86_64-pc-linux-gnu/9.2.0/../../../:/lib/:/usr/lib/
COLLECT_GCC_OPTIONS='-v' '-o' 'CMakeFiles/cmTC_734a0.dir/CMakeCCompilerABI.c.o' '-c' '-mtune=generic' '-march=x86-64'
Linking C executable cmTC_734a0
/cvmfs/sft.cern.ch/lcg/releases/CMake/3.14.3-34449/x86_64-centos7-gcc9-opt/bin/cmake -E cmake_link_script CMakeFiles/cmTC_734a0.dir/link.txt --verbose=1
/cvmfs/sft.cern.ch/lcg/releases/gcc/9.2.0-afc57/x86_64-centos7/bin/gcc     -v -rdynamic CMakeFiles/cmTC_734a0.dir/CMakeCCompilerABI.c.o  -o cmTC_734a0 
Using built-in specs.
COLLECT_GCC=/cvmfs/sft.cern.ch/lcg/releases/gcc/9.2.0-afc57/x86_64-centos7/bin/gcc
COLLECT_LTO_WRAPPER=/cvmfs/sft.cern.ch/lcg/releases/gcc/9.2.0-afc57/x86_64-centos7/bin/../libexec/gcc/x86_64-pc-linux-gnu/9.2.0/lto-wrapper
Target: x86_64-pc-linux-gnu
Configured with: /build/gcc/build/contrib/gcc-9.2.0/src/gcc/9.2.0/configure --prefix=/build/gcc/lcgcmake-install/gcc/9.2.0/x86_64-centos7 -with-system-zlib --disable-multilib --enable-languages=all --with-gnu-ld --with-gnu-as
Thread model: posix
gcc version 9.2.0 (GCC) 
COMPILER_PATH=/cvmfs/sft.cern.ch/lcg/releases/gcc/9.2.0-afc57/x86_64-centos7/bin/../libexec/gcc/x86_64-pc-linux-gnu/9.2.0/:/cvmfs/sft.cern.ch/lcg/releases/gcc/9.2.0-afc57/x86_64-centos7/bin/../libexec/gcc/:/cvmfs/sft.cern.ch/lcg/releases/gcc/9.2.0-afc57/x86_64-centos7/
LIBRARY_PATH=/cvmfs/sft.cern.ch/lcg/releases/gcc/9.2.0-afc57/x86_64-centos7/bin/../lib/gcc/x86_64-pc-linux-gnu/9.2.0/:/cvmfs/sft.cern.ch/lcg/releases/gcc/9.2.0-afc57/x86_64-centos7/bin/../lib/gcc/:/cvmfs/sft.cern.ch/lcg/releases/gcc/9.2.0-afc57/x86_64-centos7/bin/../lib/gcc/x86_64-pc-linux-gnu/9.2.0/../../../../lib64/:/lib/../lib64/:/usr/lib/../lib64/:/cvmfs/sft.cern.ch/lcg/releases/gcc/9.2.0-afc57/x86_64-centos7/bin/../lib/gcc/x86_64-pc-linux-gnu/9.2.0/../../../:/lib/:/usr/lib/
COLLECT_GCC_OPTIONS='-v' '-rdynamic' '-o' 'cmTC_734a0' '-mtune=generic' '-march=x86-64'
 /cvmfs/sft.cern.ch/lcg/releases/gcc/9.2.0-afc57/x86_64-centos7/bin/../libexec/gcc/x86_64-pc-linux-gnu/9.2.0/collect2 -plugin /cvmfs/sft.cern.ch/lcg/releases/gcc/9.2.0-afc57/x86_64-centos7/bin/../libexec/gcc/x86_64-pc-linux-gnu/9.2.0/liblto_plugin.so -plugin-opt=/cvmfs/sft.cern.ch/lcg/releases/gcc/9.2.0-afc57/x86_64-centos7/bin/../libexec/gcc/x86_64-pc-linux-gnu/9.2.0/lto-wrapper -plugin-opt=-fresolution=/tmp/gwong/ccKFRpiF.res -plugin-opt=-pass-through=-lgcc -plugin-opt=-pass-through=-lgcc_s -plugin-opt=-pass-through=-lc -plugin-opt=-pass-through=-lgcc -plugin-opt=-pass-through=-lgcc_s --eh-frame-hdr -m elf_x86_64 -export-dynamic -dynamic-linker /lib64/ld-linux-x86-64.so.2 -o cmTC_734a0 /lib/../lib64/crt1.o /lib/../lib64/crti.o /cvmfs/sft.cern.ch/lcg/releases/gcc/9.2.0-afc57/x86_64-centos7/bin/../lib/gcc/x86_64-pc-linux-gnu/9.2.0/crtbegin.o -L/cvmfs/sft.cern.ch/lcg/releases/gcc/9.2.0-afc57/x86_64-centos7/bin/../lib/gcc/x86_64-pc-linux-gnu/9.2.0 -L/cvmfs/sft.cern.ch/lcg/releases/gcc/9.2.0-afc57/x86_64-centos7/bin/../lib/gcc -L/cvmfs/sft.cern.ch/lcg/releases/gcc/9.2.0-afc57/x86_64-centos7/bin/../lib/gcc/x86_64-pc-linux-gnu/9.2.0/../../../../lib64 -L/lib/../lib64 -L/usr/lib/../lib64 -L/cvmfs/sft.cern.ch/lcg/releases/gcc/9.2.0-afc57/x86_64-centos7/bin/../lib/gcc/x86_64-pc-linux-gnu/9.2.0/../../.. CMakeFiles/cmTC_734a0.dir/CMakeCCompilerABI.c.o -lgcc --push-state --as-needed -lgcc_s --pop-state -lc -lgcc --push-state --as-needed -lgcc_s --pop-state /cvmfs/sft.cern.ch/lcg/releases/gcc/9.2.0-afc57/x86_64-centos7/bin/../lib/gcc/x86_64-pc-linux-gnu/9.2.0/crtend.o /lib/../lib64/crtn.o
COLLECT_GCC_OPTIONS='-v' '-rdynamic' '-o' 'cmTC_734a0' '-mtune=generic' '-march=x86-64'
gmake[1]: Leaving directory `/afs/cern.ch/user/g/gwong/private/musrsim-master-0e4d7124d4eb880017758f3553b5644a299e9cea/build/CMakeFiles/CMakeTmp'


Parsed C implicit include dir info from above output: rv=done
  found start of include info
  found start of implicit include info
    add: [/cvmfs/sft.cern.ch/lcg/releases/gcc/9.2.0-afc57/x86_64-centos7/include]
    add: [/cvmfs/sft.cern.ch/lcg/views/LCG_97rc4python3/x86_64-centos7-gcc9-opt/include]
    add: [/cvmfs/sft.cern.ch/lcg/releases/gcc/9.2.0-afc57/x86_64-centos7/bin/../lib/gcc/x86_64-pc-linux-gnu/9.2.0/include]
    add: [/cvmfs/sft.cern.ch/lcg/releases/gcc/9.2.0-afc57/x86_64-centos7/bin/../lib/gcc/x86_64-pc-linux-gnu/9.2.0/include-fixed]
    add: [/usr/local/include]
    add: [/usr/include]
  end of search list found
  collapse include dir [/cvmfs/sft.cern.ch/lcg/releases/gcc/9.2.0-afc57/x86_64-centos7/include] ==> [/cvmfs/sft.cern.ch/lcg/releases/gcc/9.2.0-afc57/x86_64-centos7/include]
  collapse include dir [/cvmfs/sft.cern.ch/lcg/views/LCG_97rc4python3/x86_64-centos7-gcc9-opt/include] ==> [/cvmfs/sft.cern.ch/lcg/views/LCG_97rc4python3/x86_64-centos7-gcc9-opt/include]
  collapse include dir [/cvmfs/sft.cern.ch/lcg/releases/gcc/9.2.0-afc57/x86_64-centos7/bin/../lib/gcc/x86_64-pc-linux-gnu/9.2.0/include] ==> [/cvmfs/sft.cern.ch/lcg/releases/gcc/9.2.0-afc57/x86_64-centos7/lib/gcc/x86_64-pc-linux-gnu/9.2.0/include]
  collapse include dir [/cvmfs/sft.cern.ch/lcg/releases/gcc/9.2.0-afc57/x86_64-centos7/bin/../lib/gcc/x86_64-pc-linux-gnu/9.2.0/include-fixed] ==> [/cvmfs/sft.cern.ch/lcg/releases/gcc/9.2.0-afc57/x86_64-centos7/lib/gcc/x86_64-pc-linux-gnu/9.2.0/include-fixed]
  collapse include dir [/usr/local/include] ==> [/usr/local/include]
  collapse include dir [/usr/include] ==> [/usr/include]
  implicit include dirs: [/cvmfs/sft.cern.ch/lcg/releases/gcc/9.2.0-afc57/x86_64-centos7/include;/cvmfs/sft.cern.ch/lcg/views/LCG_97rc4python3/x86_64-centos7-gcc9-opt/include;/cvmfs/sft.cern.ch/lcg/releases/gcc/9.2.0-afc57/x86_64-centos7/lib/gcc/x86_64-pc-linux-gnu/9.2.0/include;/cvmfs/sft.cern.ch/lcg/releases/gcc/9.2.0-afc57/x86_64-centos7/lib/gcc/x86_64-pc-linux-gnu/9.2.0/include-fixed;/usr/local/include;/usr/include]


Parsed C implicit link information from above output:
  link line regex: [^( *|.*[/\])(ld|CMAKE_LINK_STARTFILE-NOTFOUND|([^/\]+-)?ld|collect2)[^/\]*( |$)]
  ignore line: [Change Dir: /afs/cern.ch/user/g/gwong/private/musrsim-master-0e4d7124d4eb880017758f3553b5644a299e9cea/build/CMakeFiles/CMakeTmp]
  ignore line: []
  ignore line: [Run Build Command(s):/usr/bin/gmake cmTC_734a0/fast ]
  ignore line: [/usr/bin/gmake -f CMakeFiles/cmTC_734a0.dir/build.make CMakeFiles/cmTC_734a0.dir/build]
  ignore line: [gmake[1]: Entering directory `/afs/cern.ch/user/g/gwong/private/musrsim-master-0e4d7124d4eb880017758f3553b5644a299e9cea/build/CMakeFiles/CMakeTmp']
  ignore line: [Building C object CMakeFiles/cmTC_734a0.dir/CMakeCCompilerABI.c.o]
  ignore line: [/cvmfs/sft.cern.ch/lcg/releases/gcc/9.2.0-afc57/x86_64-centos7/bin/gcc   -v -o CMakeFiles/cmTC_734a0.dir/CMakeCCompilerABI.c.o   -c /cvmfs/sft.cern.ch/lcg/releases/CMake/3.14.3-34449/x86_64-centos7-gcc9-opt/share/cmake-3.14/Modules/CMakeCCompilerABI.c]
  ignore line: [Using built-in specs.]
  ignore line: [COLLECT_GCC=/cvmfs/sft.cern.ch/lcg/releases/gcc/9.2.0-afc57/x86_64-centos7/bin/gcc]
  ignore line: [Target: x86_64-pc-linux-gnu]
  ignore line: [Configured with: /build/gcc/build/contrib/gcc-9.2.0/src/gcc/9.2.0/configure --prefix=/build/gcc/lcgcmake-install/gcc/9.2.0/x86_64-centos7 -with-system-zlib --disable-multilib --enable-languages=all --with-gnu-ld --with-gnu-as]
  ignore line: [Thread model: posix]
  ignore line: [gcc version 9.2.0 (GCC) ]
  ignore line: [COLLECT_GCC_OPTIONS='-v' '-o' 'CMakeFiles/cmTC_734a0.dir/CMakeCCompilerABI.c.o' '-c' '-mtune=generic' '-march=x86-64']
  ignore line: [ /cvmfs/sft.cern.ch/lcg/releases/gcc/9.2.0-afc57/x86_64-centos7/bin/../libexec/gcc/x86_64-pc-linux-gnu/9.2.0/cc1 -quiet -v -iprefix /cvmfs/sft.cern.ch/lcg/releases/gcc/9.2.0-afc57/x86_64-centos7/bin/../lib/gcc/x86_64-pc-linux-gnu/9.2.0/ -isystem /cvmfs/sft.cern.ch/lcg/releases/gcc/9.2.0-afc57/x86_64-centos7/include /cvmfs/sft.cern.ch/lcg/releases/CMake/3.14.3-34449/x86_64-centos7-gcc9-opt/share/cmake-3.14/Modules/CMakeCCompilerABI.c -quiet -dumpbase CMakeCCompilerABI.c -mtune=generic -march=x86-64 -auxbase-strip CMakeFiles/cmTC_734a0.dir/CMakeCCompilerABI.c.o -version -o /tmp/gwong/cc9ohc9v.s]
  ignore line: [GNU C17 (GCC) version 9.2.0 (x86_64-pc-linux-gnu)]
  ignore line: [	compiled by GNU C version 9.2.0, GMP version 6.1.0, MPFR version 3.1.4, MPC version 1.0.3, isl version isl-0.18-GMP]
  ignore line: []
  ignore line: [GGC heuristics: --param ggc-min-expand=100 --param ggc-min-heapsize=131072]
  ignore line: [ignoring nonexistent directory "/cvmfs/sft.cern.ch/lcg/releases/gcc/9.2.0-afc57/x86_64-centos7/bin/../lib/gcc/x86_64-pc-linux-gnu/9.2.0/../../../../x86_64-pc-linux-gnu/include"]
  ignore line: [ignoring duplicate directory "/cvmfs/sft.cern.ch/lcg/releases/gcc/9.2.0-afc57/x86_64-centos7/bin/../lib/gcc/../../lib/gcc/x86_64-pc-linux-gnu/9.2.0/include"]
  ignore line: [ignoring duplicate directory "/cvmfs/sft.cern.ch/lcg/releases/gcc/9.2.0-afc57/x86_64-centos7/bin/../lib/gcc/../../include"]
  ignore line: [ignoring duplicate directory "/cvmfs/sft.cern.ch/lcg/releases/gcc/9.2.0-afc57/x86_64-centos7/bin/../lib/gcc/../../lib/gcc/x86_64-pc-linux-gnu/9.2.0/include-fixed"]
  ignore line: [ignoring nonexistent directory "/cvmfs/sft.cern.ch/lcg/releases/gcc/9.2.0-afc57/x86_64-centos7/bin/../lib/gcc/../../lib/gcc/x86_64-pc-linux-gnu/9.2.0/../../../../x86_64-pc-linux-gnu/include"]
  ignore line: [#include "..." search starts here:]
  ignore line: [#include <...> search starts here:]
  ignore line: [ /cvmfs/sft.cern.ch/lcg/releases/gcc/9.2.0-afc57/x86_64-centos7/include]
  ignore line: [ /cvmfs/sft.cern.ch/lcg/views/LCG_97rc4python3/x86_64-centos7-gcc9-opt/include]
  ignore line: [ /cvmfs/sft.cern.ch/lcg/releases/gcc/9.2.0-afc57/x86_64-centos7/bin/../lib/gcc/x86_64-pc-linux-gnu/9.2.0/include]
  ignore line: [ /cvmfs/sft.cern.ch/lcg/releases/gcc/9.2.0-afc57/x86_64-centos7/bin/../lib/gcc/x86_64-pc-linux-gnu/9.2.0/include-fixed]
  ignore line: [ /usr/local/include]
  ignore line: [ /usr/include]
  ignore line: [End of search list.]
  ignore line: [GNU C17 (GCC) version 9.2.0 (x86_64-pc-linux-gnu)]
  ignore line: [	compiled by GNU C version 9.2.0, GMP version 6.1.0, MPFR version 3.1.4, MPC version 1.0.3, isl version isl-0.18-GMP]
  ignore line: []
  ignore line: [GGC heuristics: --param ggc-min-expand=100 --param ggc-min-heapsize=131072]
  ignore line: [Compiler executable checksum: 4e8abca7dc7970f8893ed3643817ff14]
  ignore line: [COLLECT_GCC_OPTIONS='-v' '-o' 'CMakeFiles/cmTC_734a0.dir/CMakeCCompilerABI.c.o' '-c' '-mtune=generic' '-march=x86-64']
  ignore line: [ as -v --64 -o CMakeFiles/cmTC_734a0.dir/CMakeCCompilerABI.c.o /tmp/gwong/cc9ohc9v.s]
  ignore line: [GNU assembler version 2.30 (x86_64-pc-linux-gnu) using BFD version (GNU Binutils) 2.30]
  ignore line: [COMPILER_PATH=/cvmfs/sft.cern.ch/lcg/releases/gcc/9.2.0-afc57/x86_64-centos7/bin/../libexec/gcc/x86_64-pc-linux-gnu/9.2.0/:/cvmfs/sft.cern.ch/lcg/releases/gcc/9.2.0-afc57/x86_64-centos7/bin/../libexec/gcc/:/cvmfs/sft.cern.ch/lcg/releases/gcc/9.2.0-afc57/x86_64-centos7/]
  ignore line: [LIBRARY_PATH=/cvmfs/sft.cern.ch/lcg/releases/gcc/9.2.0-afc57/x86_64-centos7/bin/../lib/gcc/x86_64-pc-linux-gnu/9.2.0/:/cvmfs/sft.cern.ch/lcg/releases/gcc/9.2.0-afc57/x86_64-centos7/bin/../lib/gcc/:/cvmfs/sft.cern.ch/lcg/releases/gcc/9.2.0-afc57/x86_64-centos7/bin/../lib/gcc/x86_64-pc-linux-gnu/9.2.0/../../../../lib64/:/lib/../lib64/:/usr/lib/../lib64/:/cvmfs/sft.cern.ch/lcg/releases/gcc/9.2.0-afc57/x86_64-centos7/bin/../lib/gcc/x86_64-pc-linux-gnu/9.2.0/../../../:/lib/:/usr/lib/]
  ignore line: [COLLECT_GCC_OPTIONS='-v' '-o' 'CMakeFiles/cmTC_734a0.dir/CMakeCCompilerABI.c.o' '-c' '-mtune=generic' '-march=x86-64']
  ignore line: [Linking C executable cmTC_734a0]
  ignore line: [/cvmfs/sft.cern.ch/lcg/releases/CMake/3.14.3-34449/x86_64-centos7-gcc9-opt/bin/cmake -E cmake_link_script CMakeFiles/cmTC_734a0.dir/link.txt --verbose=1]
  ignore line: [/cvmfs/sft.cern.ch/lcg/releases/gcc/9.2.0-afc57/x86_64-centos7/bin/gcc     -v -rdynamic CMakeFiles/cmTC_734a0.dir/CMakeCCompilerABI.c.o  -o cmTC_734a0 ]
  ignore line: [Using built-in specs.]
  ignore line: [COLLECT_GCC=/cvmfs/sft.cern.ch/lcg/releases/gcc/9.2.0-afc57/x86_64-centos7/bin/gcc]
  ignore line: [COLLECT_LTO_WRAPPER=/cvmfs/sft.cern.ch/lcg/releases/gcc/9.2.0-afc57/x86_64-centos7/bin/../libexec/gcc/x86_64-pc-linux-gnu/9.2.0/lto-wrapper]
  ignore line: [Target: x86_64-pc-linux-gnu]
  ignore line: [Configured with: /build/gcc/build/contrib/gcc-9.2.0/src/gcc/9.2.0/configure --prefix=/build/gcc/lcgcmake-install/gcc/9.2.0/x86_64-centos7 -with-system-zlib --disable-multilib --enable-languages=all --with-gnu-ld --with-gnu-as]
  ignore line: [Thread model: posix]
  ignore line: [gcc version 9.2.0 (GCC) ]
  ignore line: [COMPILER_PATH=/cvmfs/sft.cern.ch/lcg/releases/gcc/9.2.0-afc57/x86_64-centos7/bin/../libexec/gcc/x86_64-pc-linux-gnu/9.2.0/:/cvmfs/sft.cern.ch/lcg/releases/gcc/9.2.0-afc57/x86_64-centos7/bin/../libexec/gcc/:/cvmfs/sft.cern.ch/lcg/releases/gcc/9.2.0-afc57/x86_64-centos7/]
  ignore line: [LIBRARY_PATH=/cvmfs/sft.cern.ch/lcg/releases/gcc/9.2.0-afc57/x86_64-centos7/bin/../lib/gcc/x86_64-pc-linux-gnu/9.2.0/:/cvmfs/sft.cern.ch/lcg/releases/gcc/9.2.0-afc57/x86_64-centos7/bin/../lib/gcc/:/cvmfs/sft.cern.ch/lcg/releases/gcc/9.2.0-afc57/x86_64-centos7/bin/../lib/gcc/x86_64-pc-linux-gnu/9.2.0/../../../../lib64/:/lib/../lib64/:/usr/lib/../lib64/:/cvmfs/sft.cern.ch/lcg/releases/gcc/9.2.0-afc57/x86_64-centos7/bin/../lib/gcc/x86_64-pc-linux-gnu/9.2.0/../../../:/lib/:/usr/lib/]
  ignore line: [COLLECT_GCC_OPTIONS='-v' '-rdynamic' '-o' 'cmTC_734a0' '-mtune=generic' '-march=x86-64']
  link line: [ /cvmfs/sft.cern.ch/lcg/releases/gcc/9.2.0-afc57/x86_64-centos7/bin/../libexec/gcc/x86_64-pc-linux-gnu/9.2.0/collect2 -plugin /cvmfs/sft.cern.ch/lcg/releases/gcc/9.2.0-afc57/x86_64-centos7/bin/../libexec/gcc/x86_64-pc-linux-gnu/9.2.0/liblto_plugin.so -plugin-opt=/cvmfs/sft.cern.ch/lcg/releases/gcc/9.2.0-afc57/x86_64-centos7/bin/../libexec/gcc/x86_64-pc-linux-gnu/9.2.0/lto-wrapper -plugin-opt=-fresolution=/tmp/gwong/ccKFRpiF.res -plugin-opt=-pass-through=-lgcc -plugin-opt=-pass-through=-lgcc_s -plugin-opt=-pass-through=-lc -plugin-opt=-pass-through=-lgcc -plugin-opt=-pass-through=-lgcc_s --eh-frame-hdr -m elf_x86_64 -export-dynamic -dynamic-linker /lib64/ld-linux-x86-64.so.2 -o cmTC_734a0 /lib/../lib64/crt1.o /lib/../lib64/crti.o /cvmfs/sft.cern.ch/lcg/releases/gcc/9.2.0-afc57/x86_64-centos7/bin/../lib/gcc/x86_64-pc-linux-gnu/9.2.0/crtbegin.o -L/cvmfs/sft.cern.ch/lcg/releases/gcc/9.2.0-afc57/x86_64-centos7/bin/../lib/gcc/x86_64-pc-linux-gnu/9.2.0 -L/cvmfs/sft.cern.ch/lcg/releases/gcc/9.2.0-afc57/x86_64-centos7/bin/../lib/gcc -L/cvmfs/sft.cern.ch/lcg/releases/gcc/9.2.0-afc57/x86_64-centos7/bin/../lib/gcc/x86_64-pc-linux-gnu/9.2.0/../../../../lib64 -L/lib/../lib64 -L/usr/lib/../lib64 -L/cvmfs/sft.cern.ch/lcg/releases/gcc/9.2.0-afc57/x86_64-centos7/bin/../lib/gcc/x86_64-pc-linux-gnu/9.2.0/../../.. CMakeFiles/cmTC_734a0.dir/CMakeCCompilerABI.c.o -lgcc --push-state --as-needed -lgcc_s --pop-state -lc -lgcc --push-state --as-needed -lgcc_s --pop-state /cvmfs/sft.cern.ch/lcg/releases/gcc/9.2.0-afc57/x86_64-centos7/bin/../lib/gcc/x86_64-pc-linux-gnu/9.2.0/crtend.o /lib/../lib64/crtn.o]
    arg [/cvmfs/sft.cern.ch/lcg/releases/gcc/9.2.0-afc57/x86_64-centos7/bin/../libexec/gcc/x86_64-pc-linux-gnu/9.2.0/collect2] ==> ignore
    arg [-plugin] ==> ignore
    arg [/cvmfs/sft.cern.ch/lcg/releases/gcc/9.2.0-afc57/x86_64-centos7/bin/../libexec/gcc/x86_64-pc-linux-gnu/9.2.0/liblto_plugin.so] ==> ignore
    arg [-plugin-opt=/cvmfs/sft.cern.ch/lcg/releases/gcc/9.2.0-afc57/x86_64-centos7/bin/../libexec/gcc/x86_64-pc-linux-gnu/9.2.0/lto-wrapper] ==> ignore
    arg [-plugin-opt=-fresolution=/tmp/gwong/ccKFRpiF.res] ==> ignore
    arg [-plugin-opt=-pass-through=-lgcc] ==> ignore
    arg [-plugin-opt=-pass-through=-lgcc_s] ==> ignore
    arg [-plugin-opt=-pass-through=-lc] ==> ignore
    arg [-plugin-opt=-pass-through=-lgcc] ==> ignore
    arg [-plugin-opt=-pass-through=-lgcc_s] ==> ignore
    arg [--eh-frame-hdr] ==> ignore
    arg [-m] ==> ignore
    arg [elf_x86_64] ==> ignore
    arg [-export-dynamic] ==> ignore
    arg [-dynamic-linker] ==> ignore
    arg [/lib64/ld-linux-x86-64.so.2] ==> ignore
    arg [-o] ==> ignore
    arg [cmTC_734a0] ==> ignore
    arg [/lib/../lib64/crt1.o] ==> ignore
    arg [/lib/../lib64/crti.o] ==> ignore
    arg [/cvmfs/sft.cern.ch/lcg/releases/gcc/9.2.0-afc57/x86_64-centos7/bin/../lib/gcc/x86_64-pc-linux-gnu/9.2.0/crtbegin.o] ==> ignore
    arg [-L/cvmfs/sft.cern.ch/lcg/releases/gcc/9.2.0-afc57/x86_64-centos7/bin/../lib/gcc/x86_64-pc-linux-gnu/9.2.0] ==> dir [/cvmfs/sft.cern.ch/lcg/releases/gcc/9.2.0-afc57/x86_64-centos7/bin/../lib/gcc/x86_64-pc-linux-gnu/9.2.0]
    arg [-L/cvmfs/sft.cern.ch/lcg/releases/gcc/9.2.0-afc57/x86_64-centos7/bin/../lib/gcc] ==> dir [/cvmfs/sft.cern.ch/lcg/releases/gcc/9.2.0-afc57/x86_64-centos7/bin/../lib/gcc]
    arg [-L/cvmfs/sft.cern.ch/lcg/releases/gcc/9.2.0-afc57/x86_64-centos7/bin/../lib/gcc/x86_64-pc-linux-gnu/9.2.0/../../../../lib64] ==> dir [/cvmfs/sft.cern.ch/lcg/releases/gcc/9.2.0-afc57/x86_64-centos7/bin/../lib/gcc/x86_64-pc-linux-gnu/9.2.0/../../../../lib64]
    arg [-L/lib/../lib64] ==> dir [/lib/../lib64]
    arg [-L/usr/lib/../lib64] ==> dir [/usr/lib/../lib64]
    arg [-L/cvmfs/sft.cern.ch/lcg/releases/gcc/9.2.0-afc57/x86_64-centos7/bin/../lib/gcc/x86_64-pc-linux-gnu/9.2.0/../../..] ==> dir [/cvmfs/sft.cern.ch/lcg/releases/gcc/9.2.0-afc57/x86_64-centos7/bin/../lib/gcc/x86_64-pc-linux-gnu/9.2.0/../../..]
    arg [CMakeFiles/cmTC_734a0.dir/CMakeCCompilerABI.c.o] ==> ignore
    arg [-lgcc] ==> lib [gcc]
    arg [--push-state] ==> ignore
    arg [--as-needed] ==> ignore
    arg [-lgcc_s] ==> lib [gcc_s]
    arg [--pop-state] ==> ignore
    arg [-lc] ==> lib [c]
    arg [-lgcc] ==> lib [gcc]
    arg [--push-state] ==> ignore
    arg [--as-needed] ==> ignore
    arg [-lgcc_s] ==> lib [gcc_s]
    arg [--pop-state] ==> ignore
    arg [/cvmfs/sft.cern.ch/lcg/releases/gcc/9.2.0-afc57/x86_64-centos7/bin/../lib/gcc/x86_64-pc-linux-gnu/9.2.0/crtend.o] ==> ignore
    arg [/lib/../lib64/crtn.o] ==> ignore
  collapse library dir [/cvmfs/sft.cern.ch/lcg/releases/gcc/9.2.0-afc57/x86_64-centos7/bin/../lib/gcc/x86_64-pc-linux-gnu/9.2.0] ==> [/cvmfs/sft.cern.ch/lcg/releases/gcc/9.2.0-afc57/x86_64-centos7/lib/gcc/x86_64-pc-linux-gnu/9.2.0]
  collapse library dir [/cvmfs/sft.cern.ch/lcg/releases/gcc/9.2.0-afc57/x86_64-centos7/bin/../lib/gcc] ==> [/cvmfs/sft.cern.ch/lcg/releases/gcc/9.2.0-afc57/x86_64-centos7/lib/gcc]
  collapse library dir [/cvmfs/sft.cern.ch/lcg/releases/gcc/9.2.0-afc57/x86_64-centos7/bin/../lib/gcc/x86_64-pc-linux-gnu/9.2.0/../../../../lib64] ==> [/cvmfs/sft.cern.ch/lcg/releases/gcc/9.2.0-afc57/x86_64-centos7/lib64]
  collapse library dir [/lib/../lib64] ==> [/lib64]
  collapse library dir [/usr/lib/../lib64] ==> [/usr/lib64]
  collapse library dir [/cvmfs/sft.cern.ch/lcg/releases/gcc/9.2.0-afc57/x86_64-centos7/bin/../lib/gcc/x86_64-pc-linux-gnu/9.2.0/../../..] ==> [/cvmfs/sft.cern.ch/lcg/releases/gcc/9.2.0-afc57/x86_64-centos7/lib]
  implicit libs: [gcc;gcc_s;c;gcc;gcc_s]
  implicit dirs: [/cvmfs/sft.cern.ch/lcg/releases/gcc/9.2.0-afc57/x86_64-centos7/lib/gcc/x86_64-pc-linux-gnu/9.2.0;/cvmfs/sft.cern.ch/lcg/releases/gcc/9.2.0-afc57/x86_64-centos7/lib/gcc;/cvmfs/sft.cern.ch/lcg/releases/gcc/9.2.0-afc57/x86_64-centos7/lib64;/lib64;/usr/lib64;/cvmfs/sft.cern.ch/lcg/releases/gcc/9.2.0-afc57/x86_64-centos7/lib]
  implicit fwks: []




Detecting C [-std=c11] compiler features compiled with the following output:
Change Dir: /afs/cern.ch/user/g/gwong/private/musrsim-master-0e4d7124d4eb880017758f3553b5644a299e9cea/build/CMakeFiles/CMakeTmp

Run Build Command(s):/usr/bin/gmake cmTC_b5460/fast 
/usr/bin/gmake -f CMakeFiles/cmTC_b5460.dir/build.make CMakeFiles/cmTC_b5460.dir/build
gmake[1]: Entering directory `/afs/cern.ch/user/g/gwong/private/musrsim-master-0e4d7124d4eb880017758f3553b5644a299e9cea/build/CMakeFiles/CMakeTmp'
Building C object CMakeFiles/cmTC_b5460.dir/feature_tests.c.o
/cvmfs/sft.cern.ch/lcg/releases/gcc/9.2.0-afc57/x86_64-centos7/bin/gcc   -std=c11 -o CMakeFiles/cmTC_b5460.dir/feature_tests.c.o   -c /afs/cern.ch/user/g/gwong/private/musrsim-master-0e4d7124d4eb880017758f3553b5644a299e9cea/build/CMakeFiles/feature_tests.c
Linking C executable cmTC_b5460
/cvmfs/sft.cern.ch/lcg/releases/CMake/3.14.3-34449/x86_64-centos7-gcc9-opt/bin/cmake -E cmake_link_script CMakeFiles/cmTC_b5460.dir/link.txt --verbose=1
/cvmfs/sft.cern.ch/lcg/releases/gcc/9.2.0-afc57/x86_64-centos7/bin/gcc      -rdynamic CMakeFiles/cmTC_b5460.dir/feature_tests.c.o  -o cmTC_b5460 
gmake[1]: Leaving directory `/afs/cern.ch/user/g/gwong/private/musrsim-master-0e4d7124d4eb880017758f3553b5644a299e9cea/build/CMakeFiles/CMakeTmp'


    Feature record: C_FEATURE:1c_function_prototypes
    Feature record: C_FEATURE:1c_restrict
    Feature record: C_FEATURE:1c_static_assert
    Feature record: C_FEATURE:1c_variadic_macros


Detecting C [-std=c99] compiler features compiled with the following output:
Change Dir: /afs/cern.ch/user/g/gwong/private/musrsim-master-0e4d7124d4eb880017758f3553b5644a299e9cea/build/CMakeFiles/CMakeTmp

Run Build Command(s):/usr/bin/gmake cmTC_6d032/fast 
/usr/bin/gmake -f CMakeFiles/cmTC_6d032.dir/build.make CMakeFiles/cmTC_6d032.dir/build
gmake[1]: Entering directory `/afs/cern.ch/user/g/gwong/private/musrsim-master-0e4d7124d4eb880017758f3553b5644a299e9cea/build/CMakeFiles/CMakeTmp'
Building C object CMakeFiles/cmTC_6d032.dir/feature_tests.c.o
/cvmfs/sft.cern.ch/lcg/releases/gcc/9.2.0-afc57/x86_64-centos7/bin/gcc   -std=c99 -o CMakeFiles/cmTC_6d032.dir/feature_tests.c.o   -c /afs/cern.ch/user/g/gwong/private/musrsim-master-0e4d7124d4eb880017758f3553b5644a299e9cea/build/CMakeFiles/feature_tests.c
Linking C executable cmTC_6d032
/cvmfs/sft.cern.ch/lcg/releases/CMake/3.14.3-34449/x86_64-centos7-gcc9-opt/bin/cmake -E cmake_link_script CMakeFiles/cmTC_6d032.dir/link.txt --verbose=1
/cvmfs/sft.cern.ch/lcg/releases/gcc/9.2.0-afc57/x86_64-centos7/bin/gcc      -rdynamic CMakeFiles/cmTC_6d032.dir/feature_tests.c.o  -o cmTC_6d032 
gmake[1]: Leaving directory `/afs/cern.ch/user/g/gwong/private/musrsim-master-0e4d7124d4eb880017758f3553b5644a299e9cea/build/CMakeFiles/CMakeTmp'


    Feature record: C_FEATURE:1c_function_prototypes
    Feature record: C_FEATURE:1c_restrict
    Feature record: C_FEATURE:0c_static_assert
    Feature record: C_FEATURE:1c_variadic_macros


Detecting C [-std=c90] compiler features compiled with the following output:
Change Dir: /afs/cern.ch/user/g/gwong/private/musrsim-master-0e4d7124d4eb880017758f3553b5644a299e9cea/build/CMakeFiles/CMakeTmp

Run Build Command(s):/usr/bin/gmake cmTC_e25dc/fast 
/usr/bin/gmake -f CMakeFiles/cmTC_e25dc.dir/build.make CMakeFiles/cmTC_e25dc.dir/build
gmake[1]: Entering directory `/afs/cern.ch/user/g/gwong/private/musrsim-master-0e4d7124d4eb880017758f3553b5644a299e9cea/build/CMakeFiles/CMakeTmp'
Building C object CMakeFiles/cmTC_e25dc.dir/feature_tests.c.o
/cvmfs/sft.cern.ch/lcg/releases/gcc/9.2.0-afc57/x86_64-centos7/bin/gcc   -std=c90 -o CMakeFiles/cmTC_e25dc.dir/feature_tests.c.o   -c /afs/cern.ch/user/g/gwong/private/musrsim-master-0e4d7124d4eb880017758f3553b5644a299e9cea/build/CMakeFiles/feature_tests.c
Linking C executable cmTC_e25dc
/cvmfs/sft.cern.ch/lcg/releases/CMake/3.14.3-34449/x86_64-centos7-gcc9-opt/bin/cmake -E cmake_link_script CMakeFiles/cmTC_e25dc.dir/link.txt --verbose=1
/cvmfs/sft.cern.ch/lcg/releases/gcc/9.2.0-afc57/x86_64-centos7/bin/gcc      -rdynamic CMakeFiles/cmTC_e25dc.dir/feature_tests.c.o  -o cmTC_e25dc 
gmake[1]: Leaving directory `/afs/cern.ch/user/g/gwong/private/musrsim-master-0e4d7124d4eb880017758f3553b5644a299e9cea/build/CMakeFiles/CMakeTmp'


    Feature record: C_FEATURE:1c_function_prototypes
    Feature record: C_FEATURE:0c_restrict
    Feature record: C_FEATURE:0c_static_assert
    Feature record: C_FEATURE:0c_variadic_macros
Determining if the CXX compiler works passed with the following output:
Change Dir: /afs/cern.ch/user/g/gwong/private/musrsim-master-0e4d7124d4eb880017758f3553b5644a299e9cea/build/CMakeFiles/CMakeTmp

Run Build Command(s):/usr/bin/gmake cmTC_80ad6/fast 
/usr/bin/gmake -f CMakeFiles/cmTC_80ad6.dir/build.make CMakeFiles/cmTC_80ad6.dir/build
gmake[1]: Entering directory `/afs/cern.ch/user/g/gwong/private/musrsim-master-0e4d7124d4eb880017758f3553b5644a299e9cea/build/CMakeFiles/CMakeTmp'
Building CXX object CMakeFiles/cmTC_80ad6.dir/testCXXCompiler.cxx.o
/cvmfs/sft.cern.ch/lcg/releases/gcc/9.2.0-afc57/x86_64-centos7/bin/g++     -o CMakeFiles/cmTC_80ad6.dir/testCXXCompiler.cxx.o -c /afs/cern.ch/user/g/gwong/private/musrsim-master-0e4d7124d4eb880017758f3553b5644a299e9cea/build/CMakeFiles/CMakeTmp/testCXXCompiler.cxx
Linking CXX executable cmTC_80ad6
/cvmfs/sft.cern.ch/lcg/releases/CMake/3.14.3-34449/x86_64-centos7-gcc9-opt/bin/cmake -E cmake_link_script CMakeFiles/cmTC_80ad6.dir/link.txt --verbose=1
/cvmfs/sft.cern.ch/lcg/releases/gcc/9.2.0-afc57/x86_64-centos7/bin/g++       -rdynamic CMakeFiles/cmTC_80ad6.dir/testCXXCompiler.cxx.o  -o cmTC_80ad6 
gmake[1]: Leaving directory `/afs/cern.ch/user/g/gwong/private/musrsim-master-0e4d7124d4eb880017758f3553b5644a299e9cea/build/CMakeFiles/CMakeTmp'


Detecting CXX compiler ABI info compiled with the following output:
Change Dir: /afs/cern.ch/user/g/gwong/private/musrsim-master-0e4d7124d4eb880017758f3553b5644a299e9cea/build/CMakeFiles/CMakeTmp

Run Build Command(s):/usr/bin/gmake cmTC_fce10/fast 
/usr/bin/gmake -f CMakeFiles/cmTC_fce10.dir/build.make CMakeFiles/cmTC_fce10.dir/build
gmake[1]: Entering directory `/afs/cern.ch/user/g/gwong/private/musrsim-master-0e4d7124d4eb880017758f3553b5644a299e9cea/build/CMakeFiles/CMakeTmp'
Building CXX object CMakeFiles/cmTC_fce10.dir/CMakeCXXCompilerABI.cpp.o
/cvmfs/sft.cern.ch/lcg/releases/gcc/9.2.0-afc57/x86_64-centos7/bin/g++    -v -o CMakeFiles/cmTC_fce10.dir/CMakeCXXCompilerABI.cpp.o -c /cvmfs/sft.cern.ch/lcg/releases/CMake/3.14.3-34449/x86_64-centos7-gcc9-opt/share/cmake-3.14/Modules/CMakeCXXCompilerABI.cpp
Using built-in specs.
COLLECT_GCC=/cvmfs/sft.cern.ch/lcg/releases/gcc/9.2.0-afc57/x86_64-centos7/bin/g++
Target: x86_64-pc-linux-gnu
Configured with: /build/gcc/build/contrib/gcc-9.2.0/src/gcc/9.2.0/configure --prefix=/build/gcc/lcgcmake-install/gcc/9.2.0/x86_64-centos7 -with-system-zlib --disable-multilib --enable-languages=all --with-gnu-ld --with-gnu-as
Thread model: posix
gcc version 9.2.0 (GCC) 
COLLECT_GCC_OPTIONS='-v' '-o' 'CMakeFiles/cmTC_fce10.dir/CMakeCXXCompilerABI.cpp.o' '-c' '-shared-libgcc' '-mtune=generic' '-march=x86-64'
 /cvmfs/sft.cern.ch/lcg/releases/gcc/9.2.0-afc57/x86_64-centos7/bin/../libexec/gcc/x86_64-pc-linux-gnu/9.2.0/cc1plus -quiet -v -iprefix /cvmfs/sft.cern.ch/lcg/releases/gcc/9.2.0-afc57/x86_64-centos7/bin/../lib/gcc/x86_64-pc-linux-gnu/9.2.0/ -isystem /cvmfs/sft.cern.ch/lcg/releases/gcc/9.2.0-afc57/x86_64-centos7/include -D_GNU_SOURCE /cvmfs/sft.cern.ch/lcg/releases/CMake/3.14.3-34449/x86_64-centos7-gcc9-opt/share/cmake-3.14/Modules/CMakeCXXCompilerABI.cpp -quiet -dumpbase CMakeCXXCompilerABI.cpp -mtune=generic -march=x86-64 -auxbase-strip CMakeFiles/cmTC_fce10.dir/CMakeCXXCompilerABI.cpp.o -version -o /tmp/gwong/cc9MiaZV.s
GNU C++14 (GCC) version 9.2.0 (x86_64-pc-linux-gnu)
	compiled by GNU C version 9.2.0, GMP version 6.1.0, MPFR version 3.1.4, MPC version 1.0.3, isl version isl-0.18-GMP

GGC heuristics: --param ggc-min-expand=100 --param ggc-min-heapsize=131072
ignoring nonexistent directory "/cvmfs/sft.cern.ch/lcg/releases/gcc/9.2.0-afc57/x86_64-centos7/bin/../lib/gcc/x86_64-pc-linux-gnu/9.2.0/../../../../x86_64-pc-linux-gnu/include"
ignoring duplicate directory "/cvmfs/sft.cern.ch/lcg/releases/gcc/9.2.0-afc57/x86_64-centos7/bin/../lib/gcc/../../lib/gcc/x86_64-pc-linux-gnu/9.2.0/../../../../include/c++/9.2.0"
ignoring duplicate directory "/cvmfs/sft.cern.ch/lcg/releases/gcc/9.2.0-afc57/x86_64-centos7/bin/../lib/gcc/../../lib/gcc/x86_64-pc-linux-gnu/9.2.0/../../../../include/c++/9.2.0/x86_64-pc-linux-gnu"
ignoring duplicate directory "/cvmfs/sft.cern.ch/lcg/releases/gcc/9.2.0-afc57/x86_64-centos7/bin/../lib/gcc/../../lib/gcc/x86_64-pc-linux-gnu/9.2.0/../../../../include/c++/9.2.0/backward"
ignoring duplicate directory "/cvmfs/sft.cern.ch/lcg/releases/gcc/9.2.0-afc57/x86_64-centos7/bin/../lib/gcc/../../lib/gcc/x86_64-pc-linux-gnu/9.2.0/include"
ignoring duplicate directory "/cvmfs/sft.cern.ch/lcg/releases/gcc/9.2.0-afc57/x86_64-centos7/bin/../lib/gcc/../../include"
ignoring duplicate directory "/cvmfs/sft.cern.ch/lcg/releases/gcc/9.2.0-afc57/x86_64-centos7/bin/../lib/gcc/../../lib/gcc/x86_64-pc-linux-gnu/9.2.0/include-fixed"
ignoring nonexistent directory "/cvmfs/sft.cern.ch/lcg/releases/gcc/9.2.0-afc57/x86_64-centos7/bin/../lib/gcc/../../lib/gcc/x86_64-pc-linux-gnu/9.2.0/../../../../x86_64-pc-linux-gnu/include"
#include "..." search starts here:
#include <...> search starts here:
 /cvmfs/sft.cern.ch/lcg/releases/gcc/9.2.0-afc57/x86_64-centos7/include
 /cvmfs/sft.cern.ch/lcg/views/LCG_97rc4python3/x86_64-centos7-gcc9-opt/include
 /cvmfs/sft.cern.ch/lcg/releases/gcc/9.2.0-afc57/x86_64-centos7/bin/../lib/gcc/x86_64-pc-linux-gnu/9.2.0/../../../../include/c++/9.2.0
 /cvmfs/sft.cern.ch/lcg/releases/gcc/9.2.0-afc57/x86_64-centos7/bin/../lib/gcc/x86_64-pc-linux-gnu/9.2.0/../../../../include/c++/9.2.0/x86_64-pc-linux-gnu
 /cvmfs/sft.cern.ch/lcg/releases/gcc/9.2.0-afc57/x86_64-centos7/bin/../lib/gcc/x86_64-pc-linux-gnu/9.2.0/../../../../include/c++/9.2.0/backward
 /cvmfs/sft.cern.ch/lcg/releases/gcc/9.2.0-afc57/x86_64-centos7/bin/../lib/gcc/x86_64-pc-linux-gnu/9.2.0/include
 /cvmfs/sft.cern.ch/lcg/releases/gcc/9.2.0-afc57/x86_64-centos7/bin/../lib/gcc/x86_64-pc-linux-gnu/9.2.0/include-fixed
 /usr/local/include
 /usr/include
End of search list.
GNU C++14 (GCC) version 9.2.0 (x86_64-pc-linux-gnu)
	compiled by GNU C version 9.2.0, GMP version 6.1.0, MPFR version 3.1.4, MPC version 1.0.3, isl version isl-0.18-GMP

GGC heuristics: --param ggc-min-expand=100 --param ggc-min-heapsize=131072
Compiler executable checksum: 3b1b61401771f7962755b8a805bf1542
COLLECT_GCC_OPTIONS='-v' '-o' 'CMakeFiles/cmTC_fce10.dir/CMakeCXXCompilerABI.cpp.o' '-c' '-shared-libgcc' '-mtune=generic' '-march=x86-64'
 as -v --64 -o CMakeFiles/cmTC_fce10.dir/CMakeCXXCompilerABI.cpp.o /tmp/gwong/cc9MiaZV.s
GNU assembler version 2.30 (x86_64-pc-linux-gnu) using BFD version (GNU Binutils) 2.30
COMPILER_PATH=/cvmfs/sft.cern.ch/lcg/releases/gcc/9.2.0-afc57/x86_64-centos7/bin/../libexec/gcc/x86_64-pc-linux-gnu/9.2.0/:/cvmfs/sft.cern.ch/lcg/releases/gcc/9.2.0-afc57/x86_64-centos7/bin/../libexec/gcc/:/cvmfs/sft.cern.ch/lcg/releases/gcc/9.2.0-afc57/x86_64-centos7/
LIBRARY_PATH=/cvmfs/sft.cern.ch/lcg/releases/gcc/9.2.0-afc57/x86_64-centos7/bin/../lib/gcc/x86_64-pc-linux-gnu/9.2.0/:/cvmfs/sft.cern.ch/lcg/releases/gcc/9.2.0-afc57/x86_64-centos7/bin/../lib/gcc/:/cvmfs/sft.cern.ch/lcg/releases/gcc/9.2.0-afc57/x86_64-centos7/bin/../lib/gcc/x86_64-pc-linux-gnu/9.2.0/../../../../lib64/:/lib/../lib64/:/usr/lib/../lib64/:/cvmfs/sft.cern.ch/lcg/releases/gcc/9.2.0-afc57/x86_64-centos7/bin/../lib/gcc/x86_64-pc-linux-gnu/9.2.0/../../../:/lib/:/usr/lib/
COLLECT_GCC_OPTIONS='-v' '-o' 'CMakeFiles/cmTC_fce10.dir/CMakeCXXCompilerABI.cpp.o' '-c' '-shared-libgcc' '-mtune=generic' '-march=x86-64'
Linking CXX executable cmTC_fce10
/cvmfs/sft.cern.ch/lcg/releases/CMake/3.14.3-34449/x86_64-centos7-gcc9-opt/bin/cmake -E cmake_link_script CMakeFiles/cmTC_fce10.dir/link.txt --verbose=1
/cvmfs/sft.cern.ch/lcg/releases/gcc/9.2.0-afc57/x86_64-centos7/bin/g++      -v -rdynamic CMakeFiles/cmTC_fce10.dir/CMakeCXXCompilerABI.cpp.o  -o cmTC_fce10 
Using built-in specs.
COLLECT_GCC=/cvmfs/sft.cern.ch/lcg/releases/gcc/9.2.0-afc57/x86_64-centos7/bin/g++
COLLECT_LTO_WRAPPER=/cvmfs/sft.cern.ch/lcg/releases/gcc/9.2.0-afc57/x86_64-centos7/bin/../libexec/gcc/x86_64-pc-linux-gnu/9.2.0/lto-wrapper
Target: x86_64-pc-linux-gnu
Configured with: /build/gcc/build/contrib/gcc-9.2.0/src/gcc/9.2.0/configure --prefix=/build/gcc/lcgcmake-install/gcc/9.2.0/x86_64-centos7 -with-system-zlib --disable-multilib --enable-languages=all --with-gnu-ld --with-gnu-as
Thread model: posix
gcc version 9.2.0 (GCC) 
COMPILER_PATH=/cvmfs/sft.cern.ch/lcg/releases/gcc/9.2.0-afc57/x86_64-centos7/bin/../libexec/gcc/x86_64-pc-linux-gnu/9.2.0/:/cvmfs/sft.cern.ch/lcg/releases/gcc/9.2.0-afc57/x86_64-centos7/bin/../libexec/gcc/:/cvmfs/sft.cern.ch/lcg/releases/gcc/9.2.0-afc57/x86_64-centos7/
LIBRARY_PATH=/cvmfs/sft.cern.ch/lcg/releases/gcc/9.2.0-afc57/x86_64-centos7/bin/../lib/gcc/x86_64-pc-linux-gnu/9.2.0/:/cvmfs/sft.cern.ch/lcg/releases/gcc/9.2.0-afc57/x86_64-centos7/bin/../lib/gcc/:/cvmfs/sft.cern.ch/lcg/releases/gcc/9.2.0-afc57/x86_64-centos7/bin/../lib/gcc/x86_64-pc-linux-gnu/9.2.0/../../../../lib64/:/lib/../lib64/:/usr/lib/../lib64/:/cvmfs/sft.cern.ch/lcg/releases/gcc/9.2.0-afc57/x86_64-centos7/bin/../lib/gcc/x86_64-pc-linux-gnu/9.2.0/../../../:/lib/:/usr/lib/
COLLECT_GCC_OPTIONS='-v' '-rdynamic' '-o' 'cmTC_fce10' '-shared-libgcc' '-mtune=generic' '-march=x86-64'
 /cvmfs/sft.cern.ch/lcg/releases/gcc/9.2.0-afc57/x86_64-centos7/bin/../libexec/gcc/x86_64-pc-linux-gnu/9.2.0/collect2 -plugin /cvmfs/sft.cern.ch/lcg/releases/gcc/9.2.0-afc57/x86_64-centos7/bin/../libexec/gcc/x86_64-pc-linux-gnu/9.2.0/liblto_plugin.so -plugin-opt=/cvmfs/sft.cern.ch/lcg/releases/gcc/9.2.0-afc57/x86_64-centos7/bin/../libexec/gcc/x86_64-pc-linux-gnu/9.2.0/lto-wrapper -plugin-opt=-fresolution=/tmp/gwong/cchkkXh5.res -plugin-opt=-pass-through=-lgcc_s -plugin-opt=-pass-through=-lgcc -plugin-opt=-pass-through=-lc -plugin-opt=-pass-through=-lgcc_s -plugin-opt=-pass-through=-lgcc --eh-frame-hdr -m elf_x86_64 -export-dynamic -dynamic-linker /lib64/ld-linux-x86-64.so.2 -o cmTC_fce10 /lib/../lib64/crt1.o /lib/../lib64/crti.o /cvmfs/sft.cern.ch/lcg/releases/gcc/9.2.0-afc57/x86_64-centos7/bin/../lib/gcc/x86_64-pc-linux-gnu/9.2.0/crtbegin.o -L/cvmfs/sft.cern.ch/lcg/releases/gcc/9.2.0-afc57/x86_64-centos7/bin/../lib/gcc/x86_64-pc-linux-gnu/9.2.0 -L/cvmfs/sft.cern.ch/lcg/releases/gcc/9.2.0-afc57/x86_64-centos7/bin/../lib/gcc -L/cvmfs/sft.cern.ch/lcg/releases/gcc/9.2.0-afc57/x86_64-centos7/bin/../lib/gcc/x86_64-pc-linux-gnu/9.2.0/../../../../lib64 -L/lib/../lib64 -L/usr/lib/../lib64 -L/cvmfs/sft.cern.ch/lcg/releases/gcc/9.2.0-afc57/x86_64-centos7/bin/../lib/gcc/x86_64-pc-linux-gnu/9.2.0/../../.. CMakeFiles/cmTC_fce10.dir/CMakeCXXCompilerABI.cpp.o -lstdc++ -lm -lgcc_s -lgcc -lc -lgcc_s -lgcc /cvmfs/sft.cern.ch/lcg/releases/gcc/9.2.0-afc57/x86_64-centos7/bin/../lib/gcc/x86_64-pc-linux-gnu/9.2.0/crtend.o /lib/../lib64/crtn.o
COLLECT_GCC_OPTIONS='-v' '-rdynamic' '-o' 'cmTC_fce10' '-shared-libgcc' '-mtune=generic' '-march=x86-64'
gmake[1]: Leaving directory `/afs/cern.ch/user/g/gwong/private/musrsim-master-0e4d7124d4eb880017758f3553b5644a299e9cea/build/CMakeFiles/CMakeTmp'


Parsed CXX implicit include dir info from above output: rv=done
  found start of include info
  found start of implicit include info
    add: [/cvmfs/sft.cern.ch/lcg/releases/gcc/9.2.0-afc57/x86_64-centos7/include]
    add: [/cvmfs/sft.cern.ch/lcg/views/LCG_97rc4python3/x86_64-centos7-gcc9-opt/include]
    add: [/cvmfs/sft.cern.ch/lcg/releases/gcc/9.2.0-afc57/x86_64-centos7/bin/../lib/gcc/x86_64-pc-linux-gnu/9.2.0/../../../../include/c++/9.2.0]
    add: [/cvmfs/sft.cern.ch/lcg/releases/gcc/9.2.0-afc57/x86_64-centos7/bin/../lib/gcc/x86_64-pc-linux-gnu/9.2.0/../../../../include/c++/9.2.0/x86_64-pc-linux-gnu]
    add: [/cvmfs/sft.cern.ch/lcg/releases/gcc/9.2.0-afc57/x86_64-centos7/bin/../lib/gcc/x86_64-pc-linux-gnu/9.2.0/../../../../include/c++/9.2.0/backward]
    add: [/cvmfs/sft.cern.ch/lcg/releases/gcc/9.2.0-afc57/x86_64-centos7/bin/../lib/gcc/x86_64-pc-linux-gnu/9.2.0/include]
    add: [/cvmfs/sft.cern.ch/lcg/releases/gcc/9.2.0-afc57/x86_64-centos7/bin/../lib/gcc/x86_64-pc-linux-gnu/9.2.0/include-fixed]
    add: [/usr/local/include]
    add: [/usr/include]
  end of search list found
  collapse include dir [/cvmfs/sft.cern.ch/lcg/releases/gcc/9.2.0-afc57/x86_64-centos7/include] ==> [/cvmfs/sft.cern.ch/lcg/releases/gcc/9.2.0-afc57/x86_64-centos7/include]
  collapse include dir [/cvmfs/sft.cern.ch/lcg/views/LCG_97rc4python3/x86_64-centos7-gcc9-opt/include] ==> [/cvmfs/sft.cern.ch/lcg/views/LCG_97rc4python3/x86_64-centos7-gcc9-opt/include]
  collapse include dir [/cvmfs/sft.cern.ch/lcg/releases/gcc/9.2.0-afc57/x86_64-centos7/bin/../lib/gcc/x86_64-pc-linux-gnu/9.2.0/../../../../include/c++/9.2.0] ==> [/cvmfs/sft.cern.ch/lcg/releases/gcc/9.2.0-afc57/x86_64-centos7/include/c++/9.2.0]
  collapse include dir [/cvmfs/sft.cern.ch/lcg/releases/gcc/9.2.0-afc57/x86_64-centos7/bin/../lib/gcc/x86_64-pc-linux-gnu/9.2.0/../../../../include/c++/9.2.0/x86_64-pc-linux-gnu] ==> [/cvmfs/sft.cern.ch/lcg/releases/gcc/9.2.0-afc57/x86_64-centos7/include/c++/9.2.0/x86_64-pc-linux-gnu]
  collapse include dir [/cvmfs/sft.cern.ch/lcg/releases/gcc/9.2.0-afc57/x86_64-centos7/bin/../lib/gcc/x86_64-pc-linux-gnu/9.2.0/../../../../include/c++/9.2.0/backward] ==> [/cvmfs/sft.cern.ch/lcg/releases/gcc/9.2.0-afc57/x86_64-centos7/include/c++/9.2.0/backward]
  collapse include dir [/cvmfs/sft.cern.ch/lcg/releases/gcc/9.2.0-afc57/x86_64-centos7/bin/../lib/gcc/x86_64-pc-linux-gnu/9.2.0/include] ==> [/cvmfs/sft.cern.ch/lcg/releases/gcc/9.2.0-afc57/x86_64-centos7/lib/gcc/x86_64-pc-linux-gnu/9.2.0/include]
  collapse include dir [/cvmfs/sft.cern.ch/lcg/releases/gcc/9.2.0-afc57/x86_64-centos7/bin/../lib/gcc/x86_64-pc-linux-gnu/9.2.0/include-fixed] ==> [/cvmfs/sft.cern.ch/lcg/releases/gcc/9.2.0-afc57/x86_64-centos7/lib/gcc/x86_64-pc-linux-gnu/9.2.0/include-fixed]
  collapse include dir [/usr/local/include] ==> [/usr/local/include]
  collapse include dir [/usr/include] ==> [/usr/include]
  implicit include dirs: [/cvmfs/sft.cern.ch/lcg/releases/gcc/9.2.0-afc57/x86_64-centos7/include;/cvmfs/sft.cern.ch/lcg/views/LCG_97rc4python3/x86_64-centos7-gcc9-opt/include;/cvmfs/sft.cern.ch/lcg/releases/gcc/9.2.0-afc57/x86_64-centos7/include/c++/9.2.0;/cvmfs/sft.cern.ch/lcg/releases/gcc/9.2.0-afc57/x86_64-centos7/include/c++/9.2.0/x86_64-pc-linux-gnu;/cvmfs/sft.cern.ch/lcg/releases/gcc/9.2.0-afc57/x86_64-centos7/include/c++/9.2.0/backward;/cvmfs/sft.cern.ch/lcg/releases/gcc/9.2.0-afc57/x86_64-centos7/lib/gcc/x86_64-pc-linux-gnu/9.2.0/include;/cvmfs/sft.cern.ch/lcg/releases/gcc/9.2.0-afc57/x86_64-centos7/lib/gcc/x86_64-pc-linux-gnu/9.2.0/include-fixed;/usr/local/include;/usr/include]


Parsed CXX implicit link information from above output:
  link line regex: [^( *|.*[/\])(ld|CMAKE_LINK_STARTFILE-NOTFOUND|([^/\]+-)?ld|collect2)[^/\]*( |$)]
  ignore line: [Change Dir: /afs/cern.ch/user/g/gwong/private/musrsim-master-0e4d7124d4eb880017758f3553b5644a299e9cea/build/CMakeFiles/CMakeTmp]
  ignore line: []
  ignore line: [Run Build Command(s):/usr/bin/gmake cmTC_fce10/fast ]
  ignore line: [/usr/bin/gmake -f CMakeFiles/cmTC_fce10.dir/build.make CMakeFiles/cmTC_fce10.dir/build]
  ignore line: [gmake[1]: Entering directory `/afs/cern.ch/user/g/gwong/private/musrsim-master-0e4d7124d4eb880017758f3553b5644a299e9cea/build/CMakeFiles/CMakeTmp']
  ignore line: [Building CXX object CMakeFiles/cmTC_fce10.dir/CMakeCXXCompilerABI.cpp.o]
  ignore line: [/cvmfs/sft.cern.ch/lcg/releases/gcc/9.2.0-afc57/x86_64-centos7/bin/g++    -v -o CMakeFiles/cmTC_fce10.dir/CMakeCXXCompilerABI.cpp.o -c /cvmfs/sft.cern.ch/lcg/releases/CMake/3.14.3-34449/x86_64-centos7-gcc9-opt/share/cmake-3.14/Modules/CMakeCXXCompilerABI.cpp]
  ignore line: [Using built-in specs.]
  ignore line: [COLLECT_GCC=/cvmfs/sft.cern.ch/lcg/releases/gcc/9.2.0-afc57/x86_64-centos7/bin/g++]
  ignore line: [Target: x86_64-pc-linux-gnu]
  ignore line: [Configured with: /build/gcc/build/contrib/gcc-9.2.0/src/gcc/9.2.0/configure --prefix=/build/gcc/lcgcmake-install/gcc/9.2.0/x86_64-centos7 -with-system-zlib --disable-multilib --enable-languages=all --with-gnu-ld --with-gnu-as]
  ignore line: [Thread model: posix]
  ignore line: [gcc version 9.2.0 (GCC) ]
  ignore line: [COLLECT_GCC_OPTIONS='-v' '-o' 'CMakeFiles/cmTC_fce10.dir/CMakeCXXCompilerABI.cpp.o' '-c' '-shared-libgcc' '-mtune=generic' '-march=x86-64']
  ignore line: [ /cvmfs/sft.cern.ch/lcg/releases/gcc/9.2.0-afc57/x86_64-centos7/bin/../libexec/gcc/x86_64-pc-linux-gnu/9.2.0/cc1plus -quiet -v -iprefix /cvmfs/sft.cern.ch/lcg/releases/gcc/9.2.0-afc57/x86_64-centos7/bin/../lib/gcc/x86_64-pc-linux-gnu/9.2.0/ -isystem /cvmfs/sft.cern.ch/lcg/releases/gcc/9.2.0-afc57/x86_64-centos7/include -D_GNU_SOURCE /cvmfs/sft.cern.ch/lcg/releases/CMake/3.14.3-34449/x86_64-centos7-gcc9-opt/share/cmake-3.14/Modules/CMakeCXXCompilerABI.cpp -quiet -dumpbase CMakeCXXCompilerABI.cpp -mtune=generic -march=x86-64 -auxbase-strip CMakeFiles/cmTC_fce10.dir/CMakeCXXCompilerABI.cpp.o -version -o /tmp/gwong/cc9MiaZV.s]
  ignore line: [GNU C++14 (GCC) version 9.2.0 (x86_64-pc-linux-gnu)]
  ignore line: [	compiled by GNU C version 9.2.0, GMP version 6.1.0, MPFR version 3.1.4, MPC version 1.0.3, isl version isl-0.18-GMP]
  ignore line: []
  ignore line: [GGC heuristics: --param ggc-min-expand=100 --param ggc-min-heapsize=131072]
  ignore line: [ignoring nonexistent directory "/cvmfs/sft.cern.ch/lcg/releases/gcc/9.2.0-afc57/x86_64-centos7/bin/../lib/gcc/x86_64-pc-linux-gnu/9.2.0/../../../../x86_64-pc-linux-gnu/include"]
  ignore line: [ignoring duplicate directory "/cvmfs/sft.cern.ch/lcg/releases/gcc/9.2.0-afc57/x86_64-centos7/bin/../lib/gcc/../../lib/gcc/x86_64-pc-linux-gnu/9.2.0/../../../../include/c++/9.2.0"]
  ignore line: [ignoring duplicate directory "/cvmfs/sft.cern.ch/lcg/releases/gcc/9.2.0-afc57/x86_64-centos7/bin/../lib/gcc/../../lib/gcc/x86_64-pc-linux-gnu/9.2.0/../../../../include/c++/9.2.0/x86_64-pc-linux-gnu"]
  ignore line: [ignoring duplicate directory "/cvmfs/sft.cern.ch/lcg/releases/gcc/9.2.0-afc57/x86_64-centos7/bin/../lib/gcc/../../lib/gcc/x86_64-pc-linux-gnu/9.2.0/../../../../include/c++/9.2.0/backward"]
  ignore line: [ignoring duplicate directory "/cvmfs/sft.cern.ch/lcg/releases/gcc/9.2.0-afc57/x86_64-centos7/bin/../lib/gcc/../../lib/gcc/x86_64-pc-linux-gnu/9.2.0/include"]
  ignore line: [ignoring duplicate directory "/cvmfs/sft.cern.ch/lcg/releases/gcc/9.2.0-afc57/x86_64-centos7/bin/../lib/gcc/../../include"]
  ignore line: [ignoring duplicate directory "/cvmfs/sft.cern.ch/lcg/releases/gcc/9.2.0-afc57/x86_64-centos7/bin/../lib/gcc/../../lib/gcc/x86_64-pc-linux-gnu/9.2.0/include-fixed"]
  ignore line: [ignoring nonexistent directory "/cvmfs/sft.cern.ch/lcg/releases/gcc/9.2.0-afc57/x86_64-centos7/bin/../lib/gcc/../../lib/gcc/x86_64-pc-linux-gnu/9.2.0/../../../../x86_64-pc-linux-gnu/include"]
  ignore line: [#include "..." search starts here:]
  ignore line: [#include <...> search starts here:]
  ignore line: [ /cvmfs/sft.cern.ch/lcg/releases/gcc/9.2.0-afc57/x86_64-centos7/include]
  ignore line: [ /cvmfs/sft.cern.ch/lcg/views/LCG_97rc4python3/x86_64-centos7-gcc9-opt/include]
  ignore line: [ /cvmfs/sft.cern.ch/lcg/releases/gcc/9.2.0-afc57/x86_64-centos7/bin/../lib/gcc/x86_64-pc-linux-gnu/9.2.0/../../../../include/c++/9.2.0]
  ignore line: [ /cvmfs/sft.cern.ch/lcg/releases/gcc/9.2.0-afc57/x86_64-centos7/bin/../lib/gcc/x86_64-pc-linux-gnu/9.2.0/../../../../include/c++/9.2.0/x86_64-pc-linux-gnu]
  ignore line: [ /cvmfs/sft.cern.ch/lcg/releases/gcc/9.2.0-afc57/x86_64-centos7/bin/../lib/gcc/x86_64-pc-linux-gnu/9.2.0/../../../../include/c++/9.2.0/backward]
  ignore line: [ /cvmfs/sft.cern.ch/lcg/releases/gcc/9.2.0-afc57/x86_64-centos7/bin/../lib/gcc/x86_64-pc-linux-gnu/9.2.0/include]
  ignore line: [ /cvmfs/sft.cern.ch/lcg/releases/gcc/9.2.0-afc57/x86_64-centos7/bin/../lib/gcc/x86_64-pc-linux-gnu/9.2.0/include-fixed]
  ignore line: [ /usr/local/include]
  ignore line: [ /usr/include]
  ignore line: [End of search list.]
  ignore line: [GNU C++14 (GCC) version 9.2.0 (x86_64-pc-linux-gnu)]
  ignore line: [	compiled by GNU C version 9.2.0, GMP version 6.1.0, MPFR version 3.1.4, MPC version 1.0.3, isl version isl-0.18-GMP]
  ignore line: []
  ignore line: [GGC heuristics: --param ggc-min-expand=100 --param ggc-min-heapsize=131072]
  ignore line: [Compiler executable checksum: 3b1b61401771f7962755b8a805bf1542]
  ignore line: [COLLECT_GCC_OPTIONS='-v' '-o' 'CMakeFiles/cmTC_fce10.dir/CMakeCXXCompilerABI.cpp.o' '-c' '-shared-libgcc' '-mtune=generic' '-march=x86-64']
  ignore line: [ as -v --64 -o CMakeFiles/cmTC_fce10.dir/CMakeCXXCompilerABI.cpp.o /tmp/gwong/cc9MiaZV.s]
  ignore line: [GNU assembler version 2.30 (x86_64-pc-linux-gnu) using BFD version (GNU Binutils) 2.30]
  ignore line: [COMPILER_PATH=/cvmfs/sft.cern.ch/lcg/releases/gcc/9.2.0-afc57/x86_64-centos7/bin/../libexec/gcc/x86_64-pc-linux-gnu/9.2.0/:/cvmfs/sft.cern.ch/lcg/releases/gcc/9.2.0-afc57/x86_64-centos7/bin/../libexec/gcc/:/cvmfs/sft.cern.ch/lcg/releases/gcc/9.2.0-afc57/x86_64-centos7/]
  ignore line: [LIBRARY_PATH=/cvmfs/sft.cern.ch/lcg/releases/gcc/9.2.0-afc57/x86_64-centos7/bin/../lib/gcc/x86_64-pc-linux-gnu/9.2.0/:/cvmfs/sft.cern.ch/lcg/releases/gcc/9.2.0-afc57/x86_64-centos7/bin/../lib/gcc/:/cvmfs/sft.cern.ch/lcg/releases/gcc/9.2.0-afc57/x86_64-centos7/bin/../lib/gcc/x86_64-pc-linux-gnu/9.2.0/../../../../lib64/:/lib/../lib64/:/usr/lib/../lib64/:/cvmfs/sft.cern.ch/lcg/releases/gcc/9.2.0-afc57/x86_64-centos7/bin/../lib/gcc/x86_64-pc-linux-gnu/9.2.0/../../../:/lib/:/usr/lib/]
  ignore line: [COLLECT_GCC_OPTIONS='-v' '-o' 'CMakeFiles/cmTC_fce10.dir/CMakeCXXCompilerABI.cpp.o' '-c' '-shared-libgcc' '-mtune=generic' '-march=x86-64']
  ignore line: [Linking CXX executable cmTC_fce10]
  ignore line: [/cvmfs/sft.cern.ch/lcg/releases/CMake/3.14.3-34449/x86_64-centos7-gcc9-opt/bin/cmake -E cmake_link_script CMakeFiles/cmTC_fce10.dir/link.txt --verbose=1]
  ignore line: [/cvmfs/sft.cern.ch/lcg/releases/gcc/9.2.0-afc57/x86_64-centos7/bin/g++      -v -rdynamic CMakeFiles/cmTC_fce10.dir/CMakeCXXCompilerABI.cpp.o  -o cmTC_fce10 ]
  ignore line: [Using built-in specs.]
  ignore line: [COLLECT_GCC=/cvmfs/sft.cern.ch/lcg/releases/gcc/9.2.0-afc57/x86_64-centos7/bin/g++]
  ignore line: [COLLECT_LTO_WRAPPER=/cvmfs/sft.cern.ch/lcg/releases/gcc/9.2.0-afc57/x86_64-centos7/bin/../libexec/gcc/x86_64-pc-linux-gnu/9.2.0/lto-wrapper]
  ignore line: [Target: x86_64-pc-linux-gnu]
  ignore line: [Configured with: /build/gcc/build/contrib/gcc-9.2.0/src/gcc/9.2.0/configure --prefix=/build/gcc/lcgcmake-install/gcc/9.2.0/x86_64-centos7 -with-system-zlib --disable-multilib --enable-languages=all --with-gnu-ld --with-gnu-as]
  ignore line: [Thread model: posix]
  ignore line: [gcc version 9.2.0 (GCC) ]
  ignore line: [COMPILER_PATH=/cvmfs/sft.cern.ch/lcg/releases/gcc/9.2.0-afc57/x86_64-centos7/bin/../libexec/gcc/x86_64-pc-linux-gnu/9.2.0/:/cvmfs/sft.cern.ch/lcg/releases/gcc/9.2.0-afc57/x86_64-centos7/bin/../libexec/gcc/:/cvmfs/sft.cern.ch/lcg/releases/gcc/9.2.0-afc57/x86_64-centos7/]
  ignore line: [LIBRARY_PATH=/cvmfs/sft.cern.ch/lcg/releases/gcc/9.2.0-afc57/x86_64-centos7/bin/../lib/gcc/x86_64-pc-linux-gnu/9.2.0/:/cvmfs/sft.cern.ch/lcg/releases/gcc/9.2.0-afc57/x86_64-centos7/bin/../lib/gcc/:/cvmfs/sft.cern.ch/lcg/releases/gcc/9.2.0-afc57/x86_64-centos7/bin/../lib/gcc/x86_64-pc-linux-gnu/9.2.0/../../../../lib64/:/lib/../lib64/:/usr/lib/../lib64/:/cvmfs/sft.cern.ch/lcg/releases/gcc/9.2.0-afc57/x86_64-centos7/bin/../lib/gcc/x86_64-pc-linux-gnu/9.2.0/../../../:/lib/:/usr/lib/]
  ignore line: [COLLECT_GCC_OPTIONS='-v' '-rdynamic' '-o' 'cmTC_fce10' '-shared-libgcc' '-mtune=generic' '-march=x86-64']
  link line: [ /cvmfs/sft.cern.ch/lcg/releases/gcc/9.2.0-afc57/x86_64-centos7/bin/../libexec/gcc/x86_64-pc-linux-gnu/9.2.0/collect2 -plugin /cvmfs/sft.cern.ch/lcg/releases/gcc/9.2.0-afc57/x86_64-centos7/bin/../libexec/gcc/x86_64-pc-linux-gnu/9.2.0/liblto_plugin.so -plugin-opt=/cvmfs/sft.cern.ch/lcg/releases/gcc/9.2.0-afc57/x86_64-centos7/bin/../libexec/gcc/x86_64-pc-linux-gnu/9.2.0/lto-wrapper -plugin-opt=-fresolution=/tmp/gwong/cchkkXh5.res -plugin-opt=-pass-through=-lgcc_s -plugin-opt=-pass-through=-lgcc -plugin-opt=-pass-through=-lc -plugin-opt=-pass-through=-lgcc_s -plugin-opt=-pass-through=-lgcc --eh-frame-hdr -m elf_x86_64 -export-dynamic -dynamic-linker /lib64/ld-linux-x86-64.so.2 -o cmTC_fce10 /lib/../lib64/crt1.o /lib/../lib64/crti.o /cvmfs/sft.cern.ch/lcg/releases/gcc/9.2.0-afc57/x86_64-centos7/bin/../lib/gcc/x86_64-pc-linux-gnu/9.2.0/crtbegin.o -L/cvmfs/sft.cern.ch/lcg/releases/gcc/9.2.0-afc57/x86_64-centos7/bin/../lib/gcc/x86_64-pc-linux-gnu/9.2.0 -L/cvmfs/sft.cern.ch/lcg/releases/gcc/9.2.0-afc57/x86_64-centos7/bin/../lib/gcc -L/cvmfs/sft.cern.ch/lcg/releases/gcc/9.2.0-afc57/x86_64-centos7/bin/../lib/gcc/x86_64-pc-linux-gnu/9.2.0/../../../../lib64 -L/lib/../lib64 -L/usr/lib/../lib64 -L/cvmfs/sft.cern.ch/lcg/releases/gcc/9.2.0-afc57/x86_64-centos7/bin/../lib/gcc/x86_64-pc-linux-gnu/9.2.0/../../.. CMakeFiles/cmTC_fce10.dir/CMakeCXXCompilerABI.cpp.o -lstdc++ -lm -lgcc_s -lgcc -lc -lgcc_s -lgcc /cvmfs/sft.cern.ch/lcg/releases/gcc/9.2.0-afc57/x86_64-centos7/bin/../lib/gcc/x86_64-pc-linux-gnu/9.2.0/crtend.o /lib/../lib64/crtn.o]
    arg [/cvmfs/sft.cern.ch/lcg/releases/gcc/9.2.0-afc57/x86_64-centos7/bin/../libexec/gcc/x86_64-pc-linux-gnu/9.2.0/collect2] ==> ignore
    arg [-plugin] ==> ignore
    arg [/cvmfs/sft.cern.ch/lcg/releases/gcc/9.2.0-afc57/x86_64-centos7/bin/../libexec/gcc/x86_64-pc-linux-gnu/9.2.0/liblto_plugin.so] ==> ignore
    arg [-plugin-opt=/cvmfs/sft.cern.ch/lcg/releases/gcc/9.2.0-afc57/x86_64-centos7/bin/../libexec/gcc/x86_64-pc-linux-gnu/9.2.0/lto-wrapper] ==> ignore
    arg [-plugin-opt=-fresolution=/tmp/gwong/cchkkXh5.res] ==> ignore
    arg [-plugin-opt=-pass-through=-lgcc_s] ==> ignore
    arg [-plugin-opt=-pass-through=-lgcc] ==> ignore
    arg [-plugin-opt=-pass-through=-lc] ==> ignore
    arg [-plugin-opt=-pass-through=-lgcc_s] ==> ignore
    arg [-plugin-opt=-pass-through=-lgcc] ==> ignore
    arg [--eh-frame-hdr] ==> ignore
    arg [-m] ==> ignore
    arg [elf_x86_64] ==> ignore
    arg [-export-dynamic] ==> ignore
    arg [-dynamic-linker] ==> ignore
    arg [/lib64/ld-linux-x86-64.so.2] ==> ignore
    arg [-o] ==> ignore
    arg [cmTC_fce10] ==> ignore
    arg [/lib/../lib64/crt1.o] ==> ignore
    arg [/lib/../lib64/crti.o] ==> ignore
    arg [/cvmfs/sft.cern.ch/lcg/releases/gcc/9.2.0-afc57/x86_64-centos7/bin/../lib/gcc/x86_64-pc-linux-gnu/9.2.0/crtbegin.o] ==> ignore
    arg [-L/cvmfs/sft.cern.ch/lcg/releases/gcc/9.2.0-afc57/x86_64-centos7/bin/../lib/gcc/x86_64-pc-linux-gnu/9.2.0] ==> dir [/cvmfs/sft.cern.ch/lcg/releases/gcc/9.2.0-afc57/x86_64-centos7/bin/../lib/gcc/x86_64-pc-linux-gnu/9.2.0]
    arg [-L/cvmfs/sft.cern.ch/lcg/releases/gcc/9.2.0-afc57/x86_64-centos7/bin/../lib/gcc] ==> dir [/cvmfs/sft.cern.ch/lcg/releases/gcc/9.2.0-afc57/x86_64-centos7/bin/../lib/gcc]
    arg [-L/cvmfs/sft.cern.ch/lcg/releases/gcc/9.2.0-afc57/x86_64-centos7/bin/../lib/gcc/x86_64-pc-linux-gnu/9.2.0/../../../../lib64] ==> dir [/cvmfs/sft.cern.ch/lcg/releases/gcc/9.2.0-afc57/x86_64-centos7/bin/../lib/gcc/x86_64-pc-linux-gnu/9.2.0/../../../../lib64]
    arg [-L/lib/../lib64] ==> dir [/lib/../lib64]
    arg [-L/usr/lib/../lib64] ==> dir [/usr/lib/../lib64]
    arg [-L/cvmfs/sft.cern.ch/lcg/releases/gcc/9.2.0-afc57/x86_64-centos7/bin/../lib/gcc/x86_64-pc-linux-gnu/9.2.0/../../..] ==> dir [/cvmfs/sft.cern.ch/lcg/releases/gcc/9.2.0-afc57/x86_64-centos7/bin/../lib/gcc/x86_64-pc-linux-gnu/9.2.0/../../..]
    arg [CMakeFiles/cmTC_fce10.dir/CMakeCXXCompilerABI.cpp.o] ==> ignore
    arg [-lstdc++] ==> lib [stdc++]
    arg [-lm] ==> lib [m]
    arg [-lgcc_s] ==> lib [gcc_s]
    arg [-lgcc] ==> lib [gcc]
    arg [-lc] ==> lib [c]
    arg [-lgcc_s] ==> lib [gcc_s]
    arg [-lgcc] ==> lib [gcc]
    arg [/cvmfs/sft.cern.ch/lcg/releases/gcc/9.2.0-afc57/x86_64-centos7/bin/../lib/gcc/x86_64-pc-linux-gnu/9.2.0/crtend.o] ==> ignore
    arg [/lib/../lib64/crtn.o] ==> ignore
  collapse library dir [/cvmfs/sft.cern.ch/lcg/releases/gcc/9.2.0-afc57/x86_64-centos7/bin/../lib/gcc/x86_64-pc-linux-gnu/9.2.0] ==> [/cvmfs/sft.cern.ch/lcg/releases/gcc/9.2.0-afc57/x86_64-centos7/lib/gcc/x86_64-pc-linux-gnu/9.2.0]
  collapse library dir [/cvmfs/sft.cern.ch/lcg/releases/gcc/9.2.0-afc57/x86_64-centos7/bin/../lib/gcc] ==> [/cvmfs/sft.cern.ch/lcg/releases/gcc/9.2.0-afc57/x86_64-centos7/lib/gcc]
  collapse library dir [/cvmfs/sft.cern.ch/lcg/releases/gcc/9.2.0-afc57/x86_64-centos7/bin/../lib/gcc/x86_64-pc-linux-gnu/9.2.0/../../../../lib64] ==> [/cvmfs/sft.cern.ch/lcg/releases/gcc/9.2.0-afc57/x86_64-centos7/lib64]
  collapse library dir [/lib/../lib64] ==> [/lib64]
  collapse library dir [/usr/lib/../lib64] ==> [/usr/lib64]
  collapse library dir [/cvmfs/sft.cern.ch/lcg/releases/gcc/9.2.0-afc57/x86_64-centos7/bin/../lib/gcc/x86_64-pc-linux-gnu/9.2.0/../../..] ==> [/cvmfs/sft.cern.ch/lcg/releases/gcc/9.2.0-afc57/x86_64-centos7/lib]
  implicit libs: [stdc++;m;gcc_s;gcc;c;gcc_s;gcc]
  implicit dirs: [/cvmfs/sft.cern.ch/lcg/releases/gcc/9.2.0-afc57/x86_64-centos7/lib/gcc/x86_64-pc-linux-gnu/9.2.0;/cvmfs/sft.cern.ch/lcg/releases/gcc/9.2.0-afc57/x86_64-centos7/lib/gcc;/cvmfs/sft.cern.ch/lcg/releases/gcc/9.2.0-afc57/x86_64-centos7/lib64;/lib64;/usr/lib64;/cvmfs/sft.cern.ch/lcg/releases/gcc/9.2.0-afc57/x86_64-centos7/lib]
  implicit fwks: []




Detecting CXX [-std=c++2a] compiler features compiled with the following output:
Change Dir: /afs/cern.ch/user/g/gwong/private/musrsim-master-0e4d7124d4eb880017758f3553b5644a299e9cea/build/CMakeFiles/CMakeTmp

Run Build Command(s):/usr/bin/gmake cmTC_00f64/fast 
/usr/bin/gmake -f CMakeFiles/cmTC_00f64.dir/build.make CMakeFiles/cmTC_00f64.dir/build
gmake[1]: Entering directory `/afs/cern.ch/user/g/gwong/private/musrsim-master-0e4d7124d4eb880017758f3553b5644a299e9cea/build/CMakeFiles/CMakeTmp'
Building CXX object CMakeFiles/cmTC_00f64.dir/feature_tests.cxx.o
/cvmfs/sft.cern.ch/lcg/releases/gcc/9.2.0-afc57/x86_64-centos7/bin/g++    -std=c++2a -o CMakeFiles/cmTC_00f64.dir/feature_tests.cxx.o -c /afs/cern.ch/user/g/gwong/private/musrsim-master-0e4d7124d4eb880017758f3553b5644a299e9cea/build/CMakeFiles/feature_tests.cxx
Linking CXX executable cmTC_00f64
/cvmfs/sft.cern.ch/lcg/releases/CMake/3.14.3-34449/x86_64-centos7-gcc9-opt/bin/cmake -E cmake_link_script CMakeFiles/cmTC_00f64.dir/link.txt --verbose=1
/cvmfs/sft.cern.ch/lcg/releases/gcc/9.2.0-afc57/x86_64-centos7/bin/g++       -rdynamic CMakeFiles/cmTC_00f64.dir/feature_tests.cxx.o  -o cmTC_00f64 
gmake[1]: Leaving directory `/afs/cern.ch/user/g/gwong/private/musrsim-master-0e4d7124d4eb880017758f3553b5644a299e9cea/build/CMakeFiles/CMakeTmp'


    Feature record: CXX_FEATURE:1cxx_aggregate_default_initializers
    Feature record: CXX_FEATURE:1cxx_alias_templates
    Feature record: CXX_FEATURE:1cxx_alignas
    Feature record: CXX_FEATURE:1cxx_alignof
    Feature record: CXX_FEATURE:1cxx_attributes
    Feature record: CXX_FEATURE:1cxx_attribute_deprecated
    Feature record: CXX_FEATURE:1cxx_auto_type
    Feature record: CXX_FEATURE:1cxx_binary_literals
    Feature record: CXX_FEATURE:1cxx_constexpr
    Feature record: CXX_FEATURE:1cxx_contextual_conversions
    Feature record: CXX_FEATURE:1cxx_decltype
    Feature record: CXX_FEATURE:1cxx_decltype_auto
    Feature record: CXX_FEATURE:1cxx_decltype_incomplete_return_types
    Feature record: CXX_FEATURE:1cxx_default_function_template_args
    Feature record: CXX_FEATURE:1cxx_defaulted_functions
    Feature record: CXX_FEATURE:1cxx_defaulted_move_initializers
    Feature record: CXX_FEATURE:1cxx_delegating_constructors
    Feature record: CXX_FEATURE:1cxx_deleted_functions
    Feature record: CXX_FEATURE:1cxx_digit_separators
    Feature record: CXX_FEATURE:1cxx_enum_forward_declarations
    Feature record: CXX_FEATURE:1cxx_explicit_conversions
    Feature record: CXX_FEATURE:1cxx_extended_friend_declarations
    Feature record: CXX_FEATURE:1cxx_extern_templates
    Feature record: CXX_FEATURE:1cxx_final
    Feature record: CXX_FEATURE:1cxx_func_identifier
    Feature record: CXX_FEATURE:1cxx_generalized_initializers
    Feature record: CXX_FEATURE:1cxx_generic_lambdas
    Feature record: CXX_FEATURE:1cxx_inheriting_constructors
    Feature record: CXX_FEATURE:1cxx_inline_namespaces
    Feature record: CXX_FEATURE:1cxx_lambdas
    Feature record: CXX_FEATURE:1cxx_lambda_init_captures
    Feature record: CXX_FEATURE:1cxx_local_type_template_args
    Feature record: CXX_FEATURE:1cxx_long_long_type
    Feature record: CXX_FEATURE:1cxx_noexcept
    Feature record: CXX_FEATURE:1cxx_nonstatic_member_init
    Feature record: CXX_FEATURE:1cxx_nullptr
    Feature record: CXX_FEATURE:1cxx_override
    Feature record: CXX_FEATURE:1cxx_range_for
    Feature record: CXX_FEATURE:1cxx_raw_string_literals
    Feature record: CXX_FEATURE:1cxx_reference_qualified_functions
    Feature record: CXX_FEATURE:1cxx_relaxed_constexpr
    Feature record: CXX_FEATURE:1cxx_return_type_deduction
    Feature record: CXX_FEATURE:1cxx_right_angle_brackets
    Feature record: CXX_FEATURE:1cxx_rvalue_references
    Feature record: CXX_FEATURE:1cxx_sizeof_member
    Feature record: CXX_FEATURE:1cxx_static_assert
    Feature record: CXX_FEATURE:1cxx_strong_enums
    Feature record: CXX_FEATURE:1cxx_template_template_parameters
    Feature record: CXX_FEATURE:1cxx_thread_local
    Feature record: CXX_FEATURE:1cxx_trailing_return_types
    Feature record: CXX_FEATURE:1cxx_unicode_literals
    Feature record: CXX_FEATURE:1cxx_uniform_initialization
    Feature record: CXX_FEATURE:1cxx_unrestricted_unions
    Feature record: CXX_FEATURE:1cxx_user_literals
    Feature record: CXX_FEATURE:1cxx_variable_templates
    Feature record: CXX_FEATURE:1cxx_variadic_macros
    Feature record: CXX_FEATURE:1cxx_variadic_templates


Detecting CXX [-std=c++17] compiler features compiled with the following output:
Change Dir: /afs/cern.ch/user/g/gwong/private/musrsim-master-0e4d7124d4eb880017758f3553b5644a299e9cea/build/CMakeFiles/CMakeTmp

Run Build Command(s):/usr/bin/gmake cmTC_545ba/fast 
/usr/bin/gmake -f CMakeFiles/cmTC_545ba.dir/build.make CMakeFiles/cmTC_545ba.dir/build
gmake[1]: Entering directory `/afs/cern.ch/user/g/gwong/private/musrsim-master-0e4d7124d4eb880017758f3553b5644a299e9cea/build/CMakeFiles/CMakeTmp'
Building CXX object CMakeFiles/cmTC_545ba.dir/feature_tests.cxx.o
/cvmfs/sft.cern.ch/lcg/releases/gcc/9.2.0-afc57/x86_64-centos7/bin/g++    -std=c++17 -o CMakeFiles/cmTC_545ba.dir/feature_tests.cxx.o -c /afs/cern.ch/user/g/gwong/private/musrsim-master-0e4d7124d4eb880017758f3553b5644a299e9cea/build/CMakeFiles/feature_tests.cxx
Linking CXX executable cmTC_545ba
/cvmfs/sft.cern.ch/lcg/releases/CMake/3.14.3-34449/x86_64-centos7-gcc9-opt/bin/cmake -E cmake_link_script CMakeFiles/cmTC_545ba.dir/link.txt --verbose=1
/cvmfs/sft.cern.ch/lcg/releases/gcc/9.2.0-afc57/x86_64-centos7/bin/g++       -rdynamic CMakeFiles/cmTC_545ba.dir/feature_tests.cxx.o  -o cmTC_545ba 
gmake[1]: Leaving directory `/afs/cern.ch/user/g/gwong/private/musrsim-master-0e4d7124d4eb880017758f3553b5644a299e9cea/build/CMakeFiles/CMakeTmp'


    Feature record: CXX_FEATURE:1cxx_aggregate_default_initializers
    Feature record: CXX_FEATURE:1cxx_alias_templates
    Feature record: CXX_FEATURE:1cxx_alignas
    Feature record: CXX_FEATURE:1cxx_alignof
    Feature record: CXX_FEATURE:1cxx_attributes
    Feature record: CXX_FEATURE:1cxx_attribute_deprecated
    Feature record: CXX_FEATURE:1cxx_auto_type
    Feature record: CXX_FEATURE:1cxx_binary_literals
    Feature record: CXX_FEATURE:1cxx_constexpr
    Feature record: CXX_FEATURE:1cxx_contextual_conversions
    Feature record: CXX_FEATURE:1cxx_decltype
    Feature record: CXX_FEATURE:1cxx_decltype_auto
    Feature record: CXX_FEATURE:1cxx_decltype_incomplete_return_types
    Feature record: CXX_FEATURE:1cxx_default_function_template_args
    Feature record: CXX_FEATURE:1cxx_defaulted_functions
    Feature record: CXX_FEATURE:1cxx_defaulted_move_initializers
    Feature record: CXX_FEATURE:1cxx_delegating_constructors
    Feature record: CXX_FEATURE:1cxx_deleted_functions
    Feature record: CXX_FEATURE:1cxx_digit_separators
    Feature record: CXX_FEATURE:1cxx_enum_forward_declarations
    Feature record: CXX_FEATURE:1cxx_explicit_conversions
    Feature record: CXX_FEATURE:1cxx_extended_friend_declarations
    Feature record: CXX_FEATURE:1cxx_extern_templates
    Feature record: CXX_FEATURE:1cxx_final
    Feature record: CXX_FEATURE:1cxx_func_identifier
    Feature record: CXX_FEATURE:1cxx_generalized_initializers
    Feature record: CXX_FEATURE:1cxx_generic_lambdas
    Feature record: CXX_FEATURE:1cxx_inheriting_constructors
    Feature record: CXX_FEATURE:1cxx_inline_namespaces
    Feature record: CXX_FEATURE:1cxx_lambdas
    Feature record: CXX_FEATURE:1cxx_lambda_init_captures
    Feature record: CXX_FEATURE:1cxx_local_type_template_args
    Feature record: CXX_FEATURE:1cxx_long_long_type
    Feature record: CXX_FEATURE:1cxx_noexcept
    Feature record: CXX_FEATURE:1cxx_nonstatic_member_init
    Feature record: CXX_FEATURE:1cxx_nullptr
    Feature record: CXX_FEATURE:1cxx_override
    Feature record: CXX_FEATURE:1cxx_range_for
    Feature record: CXX_FEATURE:1cxx_raw_string_literals
    Feature record: CXX_FEATURE:1cxx_reference_qualified_functions
    Feature record: CXX_FEATURE:1cxx_relaxed_constexpr
    Feature record: CXX_FEATURE:1cxx_return_type_deduction
    Feature record: CXX_FEATURE:1cxx_right_angle_brackets
    Feature record: CXX_FEATURE:1cxx_rvalue_references
    Feature record: CXX_FEATURE:1cxx_sizeof_member
    Feature record: CXX_FEATURE:1cxx_static_assert
    Feature record: CXX_FEATURE:1cxx_strong_enums
    Feature record: CXX_FEATURE:1cxx_template_template_parameters
    Feature record: CXX_FEATURE:1cxx_thread_local
    Feature record: CXX_FEATURE:1cxx_trailing_return_types
    Feature record: CXX_FEATURE:1cxx_unicode_literals
    Feature record: CXX_FEATURE:1cxx_uniform_initialization
    Feature record: CXX_FEATURE:1cxx_unrestricted_unions
    Feature record: CXX_FEATURE:1cxx_user_literals
    Feature record: CXX_FEATURE:1cxx_variable_templates
    Feature record: CXX_FEATURE:1cxx_variadic_macros
    Feature record: CXX_FEATURE:1cxx_variadic_templates


Detecting CXX [-std=c++14] compiler features compiled with the following output:
Change Dir: /afs/cern.ch/user/g/gwong/private/musrsim-master-0e4d7124d4eb880017758f3553b5644a299e9cea/build/CMakeFiles/CMakeTmp

Run Build Command(s):/usr/bin/gmake cmTC_bf979/fast 
/usr/bin/gmake -f CMakeFiles/cmTC_bf979.dir/build.make CMakeFiles/cmTC_bf979.dir/build
gmake[1]: Entering directory `/afs/cern.ch/user/g/gwong/private/musrsim-master-0e4d7124d4eb880017758f3553b5644a299e9cea/build/CMakeFiles/CMakeTmp'
Building CXX object CMakeFiles/cmTC_bf979.dir/feature_tests.cxx.o
/cvmfs/sft.cern.ch/lcg/releases/gcc/9.2.0-afc57/x86_64-centos7/bin/g++    -std=c++14 -o CMakeFiles/cmTC_bf979.dir/feature_tests.cxx.o -c /afs/cern.ch/user/g/gwong/private/musrsim-master-0e4d7124d4eb880017758f3553b5644a299e9cea/build/CMakeFiles/feature_tests.cxx
Linking CXX executable cmTC_bf979
/cvmfs/sft.cern.ch/lcg/releases/CMake/3.14.3-34449/x86_64-centos7-gcc9-opt/bin/cmake -E cmake_link_script CMakeFiles/cmTC_bf979.dir/link.txt --verbose=1
/cvmfs/sft.cern.ch/lcg/releases/gcc/9.2.0-afc57/x86_64-centos7/bin/g++       -rdynamic CMakeFiles/cmTC_bf979.dir/feature_tests.cxx.o  -o cmTC_bf979 
gmake[1]: Leaving directory `/afs/cern.ch/user/g/gwong/private/musrsim-master-0e4d7124d4eb880017758f3553b5644a299e9cea/build/CMakeFiles/CMakeTmp'


    Feature record: CXX_FEATURE:1cxx_aggregate_default_initializers
    Feature record: CXX_FEATURE:1cxx_alias_templates
    Feature record: CXX_FEATURE:1cxx_alignas
    Feature record: CXX_FEATURE:1cxx_alignof
    Feature record: CXX_FEATURE:1cxx_attributes
    Feature record: CXX_FEATURE:1cxx_attribute_deprecated
    Feature record: CXX_FEATURE:1cxx_auto_type
    Feature record: CXX_FEATURE:1cxx_binary_literals
    Feature record: CXX_FEATURE:1cxx_constexpr
    Feature record: CXX_FEATURE:1cxx_contextual_conversions
    Feature record: CXX_FEATURE:1cxx_decltype
    Feature record: CXX_FEATURE:1cxx_decltype_auto
    Feature record: CXX_FEATURE:1cxx_decltype_incomplete_return_types
    Feature record: CXX_FEATURE:1cxx_default_function_template_args
    Feature record: CXX_FEATURE:1cxx_defaulted_functions
    Feature record: CXX_FEATURE:1cxx_defaulted_move_initializers
    Feature record: CXX_FEATURE:1cxx_delegating_constructors
    Feature record: CXX_FEATURE:1cxx_deleted_functions
    Feature record: CXX_FEATURE:1cxx_digit_separators
    Feature record: CXX_FEATURE:1cxx_enum_forward_declarations
    Feature record: CXX_FEATURE:1cxx_explicit_conversions
    Feature record: CXX_FEATURE:1cxx_extended_friend_declarations
    Feature record: CXX_FEATURE:1cxx_extern_templates
    Feature record: CXX_FEATURE:1cxx_final
    Feature record: CXX_FEATURE:1cxx_func_identifier
    Feature record: CXX_FEATURE:1cxx_generalized_initializers
    Feature record: CXX_FEATURE:1cxx_generic_lambdas
    Feature record: CXX_FEATURE:1cxx_inheriting_constructors
    Feature record: CXX_FEATURE:1cxx_inline_namespaces
    Feature record: CXX_FEATURE:1cxx_lambdas
    Feature record: CXX_FEATURE:1cxx_lambda_init_captures
    Feature record: CXX_FEATURE:1cxx_local_type_template_args
    Feature record: CXX_FEATURE:1cxx_long_long_type
    Feature record: CXX_FEATURE:1cxx_noexcept
    Feature record: CXX_FEATURE:1cxx_nonstatic_member_init
    Feature record: CXX_FEATURE:1cxx_nullptr
    Feature record: CXX_FEATURE:1cxx_override
    Feature record: CXX_FEATURE:1cxx_range_for
    Feature record: CXX_FEATURE:1cxx_raw_string_literals
    Feature record: CXX_FEATURE:1cxx_reference_qualified_functions
    Feature record: CXX_FEATURE:1cxx_relaxed_constexpr
    Feature record: CXX_FEATURE:1cxx_return_type_deduction
    Feature record: CXX_FEATURE:1cxx_right_angle_brackets
    Feature record: CXX_FEATURE:1cxx_rvalue_references
    Feature record: CXX_FEATURE:1cxx_sizeof_member
    Feature record: CXX_FEATURE:1cxx_static_assert
    Feature record: CXX_FEATURE:1cxx_strong_enums
    Feature record: CXX_FEATURE:1cxx_template_template_parameters
    Feature record: CXX_FEATURE:1cxx_thread_local
    Feature record: CXX_FEATURE:1cxx_trailing_return_types
    Feature record: CXX_FEATURE:1cxx_unicode_literals
    Feature record: CXX_FEATURE:1cxx_uniform_initialization
    Feature record: CXX_FEATURE:1cxx_unrestricted_unions
    Feature record: CXX_FEATURE:1cxx_user_literals
    Feature record: CXX_FEATURE:1cxx_variable_templates
    Feature record: CXX_FEATURE:1cxx_variadic_macros
    Feature record: CXX_FEATURE:1cxx_variadic_templates


Detecting CXX [-std=c++11] compiler features compiled with the following output:
Change Dir: /afs/cern.ch/user/g/gwong/private/musrsim-master-0e4d7124d4eb880017758f3553b5644a299e9cea/build/CMakeFiles/CMakeTmp

Run Build Command(s):/usr/bin/gmake cmTC_dad57/fast 
/usr/bin/gmake -f CMakeFiles/cmTC_dad57.dir/build.make CMakeFiles/cmTC_dad57.dir/build
gmake[1]: Entering directory `/afs/cern.ch/user/g/gwong/private/musrsim-master-0e4d7124d4eb880017758f3553b5644a299e9cea/build/CMakeFiles/CMakeTmp'
Building CXX object CMakeFiles/cmTC_dad57.dir/feature_tests.cxx.o
/cvmfs/sft.cern.ch/lcg/releases/gcc/9.2.0-afc57/x86_64-centos7/bin/g++    -std=c++11 -o CMakeFiles/cmTC_dad57.dir/feature_tests.cxx.o -c /afs/cern.ch/user/g/gwong/private/musrsim-master-0e4d7124d4eb880017758f3553b5644a299e9cea/build/CMakeFiles/feature_tests.cxx
Linking CXX executable cmTC_dad57
/cvmfs/sft.cern.ch/lcg/releases/CMake/3.14.3-34449/x86_64-centos7-gcc9-opt/bin/cmake -E cmake_link_script CMakeFiles/cmTC_dad57.dir/link.txt --verbose=1
/cvmfs/sft.cern.ch/lcg/releases/gcc/9.2.0-afc57/x86_64-centos7/bin/g++       -rdynamic CMakeFiles/cmTC_dad57.dir/feature_tests.cxx.o  -o cmTC_dad57 
gmake[1]: Leaving directory `/afs/cern.ch/user/g/gwong/private/musrsim-master-0e4d7124d4eb880017758f3553b5644a299e9cea/build/CMakeFiles/CMakeTmp'


    Feature record: CXX_FEATURE:0cxx_aggregate_default_initializers
    Feature record: CXX_FEATURE:1cxx_alias_templates
    Feature record: CXX_FEATURE:1cxx_alignas
    Feature record: CXX_FEATURE:1cxx_alignof
    Feature record: CXX_FEATURE:1cxx_attributes
    Feature record: CXX_FEATURE:0cxx_attribute_deprecated
    Feature record: CXX_FEATURE:1cxx_auto_type
    Feature record: CXX_FEATURE:0cxx_binary_literals
    Feature record: CXX_FEATURE:1cxx_constexpr
    Feature record: CXX_FEATURE:0cxx_contextual_conversions
    Feature record: CXX_FEATURE:1cxx_decltype
    Feature record: CXX_FEATURE:0cxx_decltype_auto
    Feature record: CXX_FEATURE:1cxx_decltype_incomplete_return_types
    Feature record: CXX_FEATURE:1cxx_default_function_template_args
    Feature record: CXX_FEATURE:1cxx_defaulted_functions
    Feature record: CXX_FEATURE:1cxx_defaulted_move_initializers
    Feature record: CXX_FEATURE:1cxx_delegating_constructors
    Feature record: CXX_FEATURE:1cxx_deleted_functions
    Feature record: CXX_FEATURE:0cxx_digit_separators
    Feature record: CXX_FEATURE:1cxx_enum_forward_declarations
    Feature record: CXX_FEATURE:1cxx_explicit_conversions
    Feature record: CXX_FEATURE:1cxx_extended_friend_declarations
    Feature record: CXX_FEATURE:1cxx_extern_templates
    Feature record: CXX_FEATURE:1cxx_final
    Feature record: CXX_FEATURE:1cxx_func_identifier
    Feature record: CXX_FEATURE:1cxx_generalized_initializers
    Feature record: CXX_FEATURE:0cxx_generic_lambdas
    Feature record: CXX_FEATURE:1cxx_inheriting_constructors
    Feature record: CXX_FEATURE:1cxx_inline_namespaces
    Feature record: CXX_FEATURE:1cxx_lambdas
    Feature record: CXX_FEATURE:0cxx_lambda_init_captures
    Feature record: CXX_FEATURE:1cxx_local_type_template_args
    Feature record: CXX_FEATURE:1cxx_long_long_type
    Feature record: CXX_FEATURE:1cxx_noexcept
    Feature record: CXX_FEATURE:1cxx_nonstatic_member_init
    Feature record: CXX_FEATURE:1cxx_nullptr
    Feature record: CXX_FEATURE:1cxx_override
    Feature record: CXX_FEATURE:1cxx_range_for
    Feature record: CXX_FEATURE:1cxx_raw_string_literals
    Feature record: CXX_FEATURE:1cxx_reference_qualified_functions
    Feature record: CXX_FEATURE:0cxx_relaxed_constexpr
    Feature record: CXX_FEATURE:0cxx_return_type_deduction
    Feature record: CXX_FEATURE:1cxx_right_angle_brackets
    Feature record: CXX_FEATURE:1cxx_rvalue_references
    Feature record: CXX_FEATURE:1cxx_sizeof_member
    Feature record: CXX_FEATURE:1cxx_static_assert
    Feature record: CXX_FEATURE:1cxx_strong_enums
    Feature record: CXX_FEATURE:1cxx_template_template_parameters
    Feature record: CXX_FEATURE:1cxx_thread_local
    Feature record: CXX_FEATURE:1cxx_trailing_return_types
    Feature record: CXX_FEATURE:1cxx_unicode_literals
    Feature record: CXX_FEATURE:1cxx_uniform_initialization
    Feature record: CXX_FEATURE:1cxx_unrestricted_unions
    Feature record: CXX_FEATURE:1cxx_user_literals
    Feature record: CXX_FEATURE:0cxx_variable_templates
    Feature record: CXX_FEATURE:1cxx_variadic_macros
    Feature record: CXX_FEATURE:1cxx_variadic_templates


Detecting CXX [-std=c++98] compiler features compiled with the following output:
Change Dir: /afs/cern.ch/user/g/gwong/private/musrsim-master-0e4d7124d4eb880017758f3553b5644a299e9cea/build/CMakeFiles/CMakeTmp

Run Build Command(s):/usr/bin/gmake cmTC_7fc4a/fast 
/usr/bin/gmake -f CMakeFiles/cmTC_7fc4a.dir/build.make CMakeFiles/cmTC_7fc4a.dir/build
gmake[1]: Entering directory `/afs/cern.ch/user/g/gwong/private/musrsim-master-0e4d7124d4eb880017758f3553b5644a299e9cea/build/CMakeFiles/CMakeTmp'
Building CXX object CMakeFiles/cmTC_7fc4a.dir/feature_tests.cxx.o
/cvmfs/sft.cern.ch/lcg/releases/gcc/9.2.0-afc57/x86_64-centos7/bin/g++    -std=c++98 -o CMakeFiles/cmTC_7fc4a.dir/feature_tests.cxx.o -c /afs/cern.ch/user/g/gwong/private/musrsim-master-0e4d7124d4eb880017758f3553b5644a299e9cea/build/CMakeFiles/feature_tests.cxx
Linking CXX executable cmTC_7fc4a
/cvmfs/sft.cern.ch/lcg/releases/CMake/3.14.3-34449/x86_64-centos7-gcc9-opt/bin/cmake -E cmake_link_script CMakeFiles/cmTC_7fc4a.dir/link.txt --verbose=1
/cvmfs/sft.cern.ch/lcg/releases/gcc/9.2.0-afc57/x86_64-centos7/bin/g++       -rdynamic CMakeFiles/cmTC_7fc4a.dir/feature_tests.cxx.o  -o cmTC_7fc4a 
gmake[1]: Leaving directory `/afs/cern.ch/user/g/gwong/private/musrsim-master-0e4d7124d4eb880017758f3553b5644a299e9cea/build/CMakeFiles/CMakeTmp'


    Feature record: CXX_FEATURE:0cxx_aggregate_default_initializers
    Feature record: CXX_FEATURE:0cxx_alias_templates
    Feature record: CXX_FEATURE:0cxx_alignas
    Feature record: CXX_FEATURE:0cxx_alignof
    Feature record: CXX_FEATURE:0cxx_attributes
    Feature record: CXX_FEATURE:0cxx_attribute_deprecated
    Feature record: CXX_FEATURE:0cxx_auto_type
    Feature record: CXX_FEATURE:0cxx_binary_literals
    Feature record: CXX_FEATURE:0cxx_constexpr
    Feature record: CXX_FEATURE:0cxx_contextual_conversions
    Feature record: CXX_FEATURE:0cxx_decltype
    Feature record: CXX_FEATURE:0cxx_decltype_auto
    Feature record: CXX_FEATURE:0cxx_decltype_incomplete_return_types
    Feature record: CXX_FEATURE:0cxx_default_function_template_args
    Feature record: CXX_FEATURE:0cxx_defaulted_functions
    Feature record: CXX_FEATURE:0cxx_defaulted_move_initializers
    Feature record: CXX_FEATURE:0cxx_delegating_constructors
    Feature record: CXX_FEATURE:0cxx_deleted_functions
    Feature record: CXX_FEATURE:0cxx_digit_separators
    Feature record: CXX_FEATURE:0cxx_enum_forward_declarations
    Feature record: CXX_FEATURE:0cxx_explicit_conversions
    Feature record: CXX_FEATURE:0cxx_extended_friend_declarations
    Feature record: CXX_FEATURE:0cxx_extern_templates
    Feature record: CXX_FEATURE:0cxx_final
    Feature record: CXX_FEATURE:0cxx_func_identifier
    Feature record: CXX_FEATURE:0cxx_generalized_initializers
    Feature record: CXX_FEATURE:0cxx_generic_lambdas
    Feature record: CXX_FEATURE:0cxx_inheriting_constructors
    Feature record: CXX_FEATURE:0cxx_inline_namespaces
    Feature record: CXX_FEATURE:0cxx_lambdas
    Feature record: CXX_FEATURE:0cxx_lambda_init_captures
    Feature record: CXX_FEATURE:0cxx_local_type_template_args
    Feature record: CXX_FEATURE:0cxx_long_long_type
    Feature record: CXX_FEATURE:0cxx_noexcept
    Feature record: CXX_FEATURE:0cxx_nonstatic_member_init
    Feature record: CXX_FEATURE:0cxx_nullptr
    Feature record: CXX_FEATURE:0cxx_override
    Feature record: CXX_FEATURE:0cxx_range_for
    Feature record: CXX_FEATURE:0cxx_raw_string_literals
    Feature record: CXX_FEATURE:0cxx_reference_qualified_functions
    Feature record: CXX_FEATURE:0cxx_relaxed_constexpr
    Feature record: CXX_FEATURE:0cxx_return_type_deduction
    Feature record: CXX_FEATURE:0cxx_right_angle_brackets
    Feature record: CXX_FEATURE:0cxx_rvalue_references
    Feature record: CXX_FEATURE:0cxx_sizeof_member
    Feature record: CXX_FEATURE:0cxx_static_assert
    Feature record: CXX_FEATURE:0cxx_strong_enums
    Feature record: CXX_FEATURE:1cxx_template_template_parameters
    Feature record: CXX_FEATURE:0cxx_thread_local
    Feature record: CXX_FEATURE:0cxx_trailing_return_types
    Feature record: CXX_FEATURE:0cxx_unicode_literals
    Feature record: CXX_FEATURE:0cxx_uniform_initialization
    Feature record: CXX_FEATURE:0cxx_unrestricted_unions
    Feature record: CXX_FEATURE:0cxx_user_literals
    Feature record: CXX_FEATURE:0cxx_variable_templates
    Feature record: CXX_FEATURE:0cxx_variadic_macros
    Feature record: CXX_FEATURE:0cxx_variadic_templates
Determining if the function XOpenDisplay exists in the /usr/lib64/libX11.so;/usr/lib64/libXext.so passed with the following output:
Change Dir: /afs/cern.ch/user/g/gwong/private/musrsim-master-0e4d7124d4eb880017758f3553b5644a299e9cea/build/CMakeFiles/CMakeTmp

Run Build Command(s):/usr/bin/gmake cmTC_cbaa3/fast 
/usr/bin/gmake -f CMakeFiles/cmTC_cbaa3.dir/build.make CMakeFiles/cmTC_cbaa3.dir/build
gmake[1]: Entering directory `/afs/cern.ch/user/g/gwong/private/musrsim-master-0e4d7124d4eb880017758f3553b5644a299e9cea/build/CMakeFiles/CMakeTmp'
Building C object CMakeFiles/cmTC_cbaa3.dir/CheckFunctionExists.c.o
/cvmfs/sft.cern.ch/lcg/releases/gcc/9.2.0-afc57/x86_64-centos7/bin/gcc   -DCHECK_FUNCTION_EXISTS=XOpenDisplay   -o CMakeFiles/cmTC_cbaa3.dir/CheckFunctionExists.c.o   -c /cvmfs/sft.cern.ch/lcg/releases/CMake/3.14.3-34449/x86_64-centos7-gcc9-opt/share/cmake-3.14/Modules/CheckFunctionExists.c
Linking C executable cmTC_cbaa3
/cvmfs/sft.cern.ch/lcg/releases/CMake/3.14.3-34449/x86_64-centos7-gcc9-opt/bin/cmake -E cmake_link_script CMakeFiles/cmTC_cbaa3.dir/link.txt --verbose=1
/cvmfs/sft.cern.ch/lcg/releases/gcc/9.2.0-afc57/x86_64-centos7/bin/gcc  -DCHECK_FUNCTION_EXISTS=XOpenDisplay    CMakeFiles/cmTC_cbaa3.dir/CheckFunctionExists.c.o  -o cmTC_cbaa3 /usr/lib64/libX11.so /usr/lib64/libXext.so 
gmake[1]: Leaving directory `/afs/cern.ch/user/g/gwong/private/musrsim-master-0e4d7124d4eb880017758f3553b5644a299e9cea/build/CMakeFiles/CMakeTmp'


Determining if the function gethostbyname exists passed with the following output:
Change Dir: /afs/cern.ch/user/g/gwong/private/musrsim-master-0e4d7124d4eb880017758f3553b5644a299e9cea/build/CMakeFiles/CMakeTmp

Run Build Command(s):/usr/bin/gmake cmTC_f7736/fast 
/usr/bin/gmake -f CMakeFiles/cmTC_f7736.dir/build.make CMakeFiles/cmTC_f7736.dir/build
gmake[1]: Entering directory `/afs/cern.ch/user/g/gwong/private/musrsim-master-0e4d7124d4eb880017758f3553b5644a299e9cea/build/CMakeFiles/CMakeTmp'
Building C object CMakeFiles/cmTC_f7736.dir/CheckFunctionExists.c.o
/cvmfs/sft.cern.ch/lcg/releases/gcc/9.2.0-afc57/x86_64-centos7/bin/gcc   -DCHECK_FUNCTION_EXISTS=gethostbyname   -o CMakeFiles/cmTC_f7736.dir/CheckFunctionExists.c.o   -c /cvmfs/sft.cern.ch/lcg/releases/CMake/3.14.3-34449/x86_64-centos7-gcc9-opt/share/cmake-3.14/Modules/CheckFunctionExists.c
Linking C executable cmTC_f7736
/cvmfs/sft.cern.ch/lcg/releases/CMake/3.14.3-34449/x86_64-centos7-gcc9-opt/bin/cmake -E cmake_link_script CMakeFiles/cmTC_f7736.dir/link.txt --verbose=1
/cvmfs/sft.cern.ch/lcg/releases/gcc/9.2.0-afc57/x86_64-centos7/bin/gcc  -DCHECK_FUNCTION_EXISTS=gethostbyname    CMakeFiles/cmTC_f7736.dir/CheckFunctionExists.c.o  -o cmTC_f7736 
gmake[1]: Leaving directory `/afs/cern.ch/user/g/gwong/private/musrsim-master-0e4d7124d4eb880017758f3553b5644a299e9cea/build/CMakeFiles/CMakeTmp'


Determining if the function connect exists passed with the following output:
Change Dir: /afs/cern.ch/user/g/gwong/private/musrsim-master-0e4d7124d4eb880017758f3553b5644a299e9cea/build/CMakeFiles/CMakeTmp

Run Build Command(s):/usr/bin/gmake cmTC_39c2b/fast 
/usr/bin/gmake -f CMakeFiles/cmTC_39c2b.dir/build.make CMakeFiles/cmTC_39c2b.dir/build
gmake[1]: Entering directory `/afs/cern.ch/user/g/gwong/private/musrsim-master-0e4d7124d4eb880017758f3553b5644a299e9cea/build/CMakeFiles/CMakeTmp'
Building C object CMakeFiles/cmTC_39c2b.dir/CheckFunctionExists.c.o
/cvmfs/sft.cern.ch/lcg/releases/gcc/9.2.0-afc57/x86_64-centos7/bin/gcc   -DCHECK_FUNCTION_EXISTS=connect   -o CMakeFiles/cmTC_39c2b.dir/CheckFunctionExists.c.o   -c /cvmfs/sft.cern.ch/lcg/releases/CMake/3.14.3-34449/x86_64-centos7-gcc9-opt/share/cmake-3.14/Modules/CheckFunctionExists.c
Linking C executable cmTC_39c2b
/cvmfs/sft.cern.ch/lcg/releases/CMake/3.14.3-34449/x86_64-centos7-gcc9-opt/bin/cmake -E cmake_link_script CMakeFiles/cmTC_39c2b.dir/link.txt --verbose=1
/cvmfs/sft.cern.ch/lcg/releases/gcc/9.2.0-afc57/x86_64-centos7/bin/gcc  -DCHECK_FUNCTION_EXISTS=connect    CMakeFiles/cmTC_39c2b.dir/CheckFunctionExists.c.o  -o cmTC_39c2b 
gmake[1]: Leaving directory `/afs/cern.ch/user/g/gwong/private/musrsim-master-0e4d7124d4eb880017758f3553b5644a299e9cea/build/CMakeFiles/CMakeTmp'


Determining if the function remove exists passed with the following output:
Change Dir: /afs/cern.ch/user/g/gwong/private/musrsim-master-0e4d7124d4eb880017758f3553b5644a299e9cea/build/CMakeFiles/CMakeTmp

Run Build Command(s):/usr/bin/gmake cmTC_95b88/fast 
/usr/bin/gmake -f CMakeFiles/cmTC_95b88.dir/build.make CMakeFiles/cmTC_95b88.dir/build
gmake[1]: Entering directory `/afs/cern.ch/user/g/gwong/private/musrsim-master-0e4d7124d4eb880017758f3553b5644a299e9cea/build/CMakeFiles/CMakeTmp'
Building C object CMakeFiles/cmTC_95b88.dir/CheckFunctionExists.c.o
/cvmfs/sft.cern.ch/lcg/releases/gcc/9.2.0-afc57/x86_64-centos7/bin/gcc   -DCHECK_FUNCTION_EXISTS=remove   -o CMakeFiles/cmTC_95b88.dir/CheckFunctionExists.c.o   -c /cvmfs/sft.cern.ch/lcg/releases/CMake/3.14.3-34449/x86_64-centos7-gcc9-opt/share/cmake-3.14/Modules/CheckFunctionExists.c
Linking C executable cmTC_95b88
/cvmfs/sft.cern.ch/lcg/releases/CMake/3.14.3-34449/x86_64-centos7-gcc9-opt/bin/cmake -E cmake_link_script CMakeFiles/cmTC_95b88.dir/link.txt --verbose=1
/cvmfs/sft.cern.ch/lcg/releases/gcc/9.2.0-afc57/x86_64-centos7/bin/gcc  -DCHECK_FUNCTION_EXISTS=remove    CMakeFiles/cmTC_95b88.dir/CheckFunctionExists.c.o  -o cmTC_95b88 
gmake[1]: Leaving directory `/afs/cern.ch/user/g/gwong/private/musrsim-master-0e4d7124d4eb880017758f3553b5644a299e9cea/build/CMakeFiles/CMakeTmp'


Determining if the function shmat exists passed with the following output:
Change Dir: /afs/cern.ch/user/g/gwong/private/musrsim-master-0e4d7124d4eb880017758f3553b5644a299e9cea/build/CMakeFiles/CMakeTmp

Run Build Command(s):/usr/bin/gmake cmTC_6dc78/fast 
/usr/bin/gmake -f CMakeFiles/cmTC_6dc78.dir/build.make CMakeFiles/cmTC_6dc78.dir/build
gmake[1]: Entering directory `/afs/cern.ch/user/g/gwong/private/musrsim-master-0e4d7124d4eb880017758f3553b5644a299e9cea/build/CMakeFiles/CMakeTmp'
Building C object CMakeFiles/cmTC_6dc78.dir/CheckFunctionExists.c.o
/cvmfs/sft.cern.ch/lcg/releases/gcc/9.2.0-afc57/x86_64-centos7/bin/gcc   -DCHECK_FUNCTION_EXISTS=shmat   -o CMakeFiles/cmTC_6dc78.dir/CheckFunctionExists.c.o   -c /cvmfs/sft.cern.ch/lcg/releases/CMake/3.14.3-34449/x86_64-centos7-gcc9-opt/share/cmake-3.14/Modules/CheckFunctionExists.c
Linking C executable cmTC_6dc78
/cvmfs/sft.cern.ch/lcg/releases/CMake/3.14.3-34449/x86_64-centos7-gcc9-opt/bin/cmake -E cmake_link_script CMakeFiles/cmTC_6dc78.dir/link.txt --verbose=1
/cvmfs/sft.cern.ch/lcg/releases/gcc/9.2.0-afc57/x86_64-centos7/bin/gcc  -DCHECK_FUNCTION_EXISTS=shmat    CMakeFiles/cmTC_6dc78.dir/CheckFunctionExists.c.o  -o cmTC_6dc78 
gmake[1]: Leaving directory `/afs/cern.ch/user/g/gwong/private/musrsim-master-0e4d7124d4eb880017758f3553b5644a299e9cea/build/CMakeFiles/CMakeTmp'


Determining if the function IceConnectionNumber exists in the ICE passed with the following output:
Change Dir: /afs/cern.ch/user/g/gwong/private/musrsim-master-0e4d7124d4eb880017758f3553b5644a299e9cea/build/CMakeFiles/CMakeTmp

Run Build Command(s):/usr/bin/gmake cmTC_9a673/fast 
/usr/bin/gmake -f CMakeFiles/cmTC_9a673.dir/build.make CMakeFiles/cmTC_9a673.dir/build
gmake[1]: Entering directory `/afs/cern.ch/user/g/gwong/private/musrsim-master-0e4d7124d4eb880017758f3553b5644a299e9cea/build/CMakeFiles/CMakeTmp'
Building C object CMakeFiles/cmTC_9a673.dir/CheckFunctionExists.c.o
/cvmfs/sft.cern.ch/lcg/releases/gcc/9.2.0-afc57/x86_64-centos7/bin/gcc   -DCHECK_FUNCTION_EXISTS=IceConnectionNumber   -o CMakeFiles/cmTC_9a673.dir/CheckFunctionExists.c.o   -c /cvmfs/sft.cern.ch/lcg/releases/CMake/3.14.3-34449/x86_64-centos7-gcc9-opt/share/cmake-3.14/Modules/CheckFunctionExists.c
Linking C executable cmTC_9a673
/cvmfs/sft.cern.ch/lcg/releases/CMake/3.14.3-34449/x86_64-centos7-gcc9-opt/bin/cmake -E cmake_link_script CMakeFiles/cmTC_9a673.dir/link.txt --verbose=1
/cvmfs/sft.cern.ch/lcg/releases/gcc/9.2.0-afc57/x86_64-centos7/bin/gcc  -DCHECK_FUNCTION_EXISTS=IceConnectionNumber    CMakeFiles/cmTC_9a673.dir/CheckFunctionExists.c.o  -o cmTC_9a673 -lICE 
gmake[1]: Leaving directory `/afs/cern.ch/user/g/gwong/private/musrsim-master-0e4d7124d4eb880017758f3553b5644a299e9cea/build/CMakeFiles/CMakeTmp'


